==24717== Memcheck, a memory error detector
==24717== Copyright (C) 2002-2017, and GNU GPL'd, by Julian Seward et al.
==24717== Using Valgrind-3.18.1 and LibVEX; rerun with -h for copyright info
==24717== Command: ./../src/main input/sensors_clear_hard_4.dat
==24717== Parent PID: 24716
==24717== 
==24717== 
==24717== HEAP SUMMARY:
==24717==     in use at exit: 2,408 bytes in 138 blocks
==24717==   total heap usage: 2,267 allocs, 2,129 frees, 81,412 bytes allocated
==24717== 
==24717== 432 bytes in 27 blocks are definitely lost in loss record 1 of 3
==24717==    at 0x4848899: malloc (in /usr/libexec/valgrind/vgpreload_memcheck-amd64-linux.so)
==24717==    by 0x10A2B0: Read (functions.c:116)
==24717==    by 0x109381: main (main.c:9)
==24717== 
==24717== 840 bytes in 42 blocks are definitely lost in loss record 2 of 3
==24717==    at 0x4848899: malloc (in /usr/libexec/valgrind/vgpreload_memcheck-amd64-linux.so)
==24717==    by 0x10A21F: Read (functions.c:108)
==24717==    by 0x109381: main (main.c:9)
==24717== 
==24717== 1,136 bytes in 69 blocks are definitely lost in loss record 3 of 3
==24717==    at 0x4848899: malloc (in /usr/libexec/valgrind/vgpreload_memcheck-amd64-linux.so)
==24717==    by 0x10A384: Read (functions.c:124)
==24717==    by 0x109381: main (main.c:9)
==24717== 
==24717== LEAK SUMMARY:
==24717==    definitely lost: 2,408 bytes in 138 blocks
==24717==    indirectly lost: 0 bytes in 0 blocks
==24717==      possibly lost: 0 bytes in 0 blocks
==24717==    still reachable: 0 bytes in 0 blocks
==24717==         suppressed: 0 bytes in 0 blocks
==24717== 
==24717== For lists of detected and suppressed errors, rerun with: -s
==24717== ERROR SUMMARY: 3 errors from 3 contexts (suppressed: 0 from 0)
