==30780== Memcheck, a memory error detector
==30780== Copyright (C) 2002-2017, and GNU GPL'd, by Julian Seward et al.
==30780== Using Valgrind-3.18.1 and LibVEX; rerun with -h for copyright info
==30780== Command: ./../src/main input/sensors_clear_hard_5.dat
==30780== Parent PID: 30779
==30780== 
==30780== 
==30780== HEAP SUMMARY:
==30780==     in use at exit: 1,172 bytes in 76 blocks
==30780==   total heap usage: 2,546 allocs, 2,470 frees, 1,088,512 bytes allocated
==30780== 
==30780== 1,172 bytes in 76 blocks are definitely lost in loss record 1 of 1
==30780==    at 0x4848899: malloc (in /usr/libexec/valgrind/vgpreload_memcheck-amd64-linux.so)
==30780==    by 0x10A41E: Read (functions.c:136)
==30780==    by 0x109381: main (main.c:9)
==30780== 
==30780== LEAK SUMMARY:
==30780==    definitely lost: 1,172 bytes in 76 blocks
==30780==    indirectly lost: 0 bytes in 0 blocks
==30780==      possibly lost: 0 bytes in 0 blocks
==30780==    still reachable: 0 bytes in 0 blocks
==30780==         suppressed: 0 bytes in 0 blocks
==30780== 
==30780== For lists of detected and suppressed errors, rerun with: -s
==30780== ERROR SUMMARY: 1 errors from 1 contexts (suppressed: 0 from 0)
