==30714== Memcheck, a memory error detector
==30714== Copyright (C) 2002-2017, and GNU GPL'd, by Julian Seward et al.
==30714== Using Valgrind-3.18.1 and LibVEX; rerun with -h for copyright info
==30714== Command: ./../src/main input/sensors_clear_easy_4.dat
==30714== Parent PID: 30713
==30714== 
==30714== 
==30714== HEAP SUMMARY:
==30714==     in use at exit: 1,064 bytes in 85 blocks
==30714==   total heap usage: 1,992 allocs, 1,907 frees, 1,305,648 bytes allocated
==30714== 
==30714== 1,064 bytes in 85 blocks are definitely lost in loss record 1 of 1
==30714==    at 0x4848899: malloc (in /usr/libexec/valgrind/vgpreload_memcheck-amd64-linux.so)
==30714==    by 0x10A41E: Read (functions.c:136)
==30714==    by 0x109381: main (main.c:9)
==30714== 
==30714== LEAK SUMMARY:
==30714==    definitely lost: 1,064 bytes in 85 blocks
==30714==    indirectly lost: 0 bytes in 0 blocks
==30714==      possibly lost: 0 bytes in 0 blocks
==30714==    still reachable: 0 bytes in 0 blocks
==30714==         suppressed: 0 bytes in 0 blocks
==30714== 
==30714== For lists of detected and suppressed errors, rerun with: -s
==30714== ERROR SUMMARY: 1 errors from 1 contexts (suppressed: 0 from 0)
