==24705== Memcheck, a memory error detector
==24705== Copyright (C) 2002-2017, and GNU GPL'd, by Julian Seward et al.
==24705== Using Valgrind-3.18.1 and LibVEX; rerun with -h for copyright info
==24705== Command: ./../src/main input/sensors_clear_easy_3.dat
==24705== Parent PID: 24704
==24705== 
==24705== 
==24705== HEAP SUMMARY:
==24705==     in use at exit: 2,380 bytes in 154 blocks
==24705==   total heap usage: 1,760 allocs, 1,606 frees, 73,472 bytes allocated
==24705== 
==24705== 656 bytes in 41 blocks are definitely lost in loss record 1 of 3
==24705==    at 0x4848899: malloc (in /usr/libexec/valgrind/vgpreload_memcheck-amd64-linux.so)
==24705==    by 0x10A2B0: Read (functions.c:116)
==24705==    by 0x109381: main (main.c:9)
==24705== 
==24705== 720 bytes in 36 blocks are definitely lost in loss record 2 of 3
==24705==    at 0x4848899: malloc (in /usr/libexec/valgrind/vgpreload_memcheck-amd64-linux.so)
==24705==    by 0x10A21F: Read (functions.c:108)
==24705==    by 0x109381: main (main.c:9)
==24705== 
==24705== 1,004 bytes in 77 blocks are definitely lost in loss record 3 of 3
==24705==    at 0x4848899: malloc (in /usr/libexec/valgrind/vgpreload_memcheck-amd64-linux.so)
==24705==    by 0x10A384: Read (functions.c:124)
==24705==    by 0x109381: main (main.c:9)
==24705== 
==24705== LEAK SUMMARY:
==24705==    definitely lost: 2,380 bytes in 154 blocks
==24705==    indirectly lost: 0 bytes in 0 blocks
==24705==      possibly lost: 0 bytes in 0 blocks
==24705==    still reachable: 0 bytes in 0 blocks
==24705==         suppressed: 0 bytes in 0 blocks
==24705== 
==24705== For lists of detected and suppressed errors, rerun with: -s
==24705== ERROR SUMMARY: 3 errors from 3 contexts (suppressed: 0 from 0)
