==24703== Memcheck, a memory error detector
==24703== Copyright (C) 2002-2017, and GNU GPL'd, by Julian Seward et al.
==24703== Using Valgrind-3.18.1 and LibVEX; rerun with -h for copyright info
==24703== Command: ./../src/main input/sensors_clear_easy_2.dat
==24703== Parent PID: 24702
==24703== 
==24703== 
==24703== HEAP SUMMARY:
==24703==     in use at exit: 2,416 bytes in 154 blocks
==24703==   total heap usage: 1,684 allocs, 1,530 frees, 70,900 bytes allocated
==24703== 
==24703== 608 bytes in 38 blocks are definitely lost in loss record 1 of 3
==24703==    at 0x4848899: malloc (in /usr/libexec/valgrind/vgpreload_memcheck-amd64-linux.so)
==24703==    by 0x10A2B0: Read (functions.c:116)
==24703==    by 0x109381: main (main.c:9)
==24703== 
==24703== 780 bytes in 39 blocks are definitely lost in loss record 2 of 3
==24703==    at 0x4848899: malloc (in /usr/libexec/valgrind/vgpreload_memcheck-amd64-linux.so)
==24703==    by 0x10A21F: Read (functions.c:108)
==24703==    by 0x109381: main (main.c:9)
==24703== 
==24703== 1,028 bytes in 77 blocks are definitely lost in loss record 3 of 3
==24703==    at 0x4848899: malloc (in /usr/libexec/valgrind/vgpreload_memcheck-amd64-linux.so)
==24703==    by 0x10A384: Read (functions.c:124)
==24703==    by 0x109381: main (main.c:9)
==24703== 
==24703== LEAK SUMMARY:
==24703==    definitely lost: 2,416 bytes in 154 blocks
==24703==    indirectly lost: 0 bytes in 0 blocks
==24703==      possibly lost: 0 bytes in 0 blocks
==24703==    still reachable: 0 bytes in 0 blocks
==24703==         suppressed: 0 bytes in 0 blocks
==24703== 
==24703== For lists of detected and suppressed errors, rerun with: -s
==24703== ERROR SUMMARY: 3 errors from 3 contexts (suppressed: 0 from 0)
