==30720== Memcheck, a memory error detector
==30720== Copyright (C) 2002-2017, and GNU GPL'd, by Julian Seward et al.
==30720== Using Valgrind-3.18.1 and LibVEX; rerun with -h for copyright info
==30720== Command: ./../src/main input/sensors_clear_hard_2.dat
==30720== Parent PID: 30719
==30720== 
==30720== 
==30720== HEAP SUMMARY:
==30720==     in use at exit: 1,088 bytes in 72 blocks
==30720==   total heap usage: 2,623 allocs, 2,551 frees, 1,076,236 bytes allocated
==30720== 
==30720== 1,088 bytes in 72 blocks are definitely lost in loss record 1 of 1
==30720==    at 0x4848899: malloc (in /usr/libexec/valgrind/vgpreload_memcheck-amd64-linux.so)
==30720==    by 0x10A41E: Read (functions.c:136)
==30720==    by 0x109381: main (main.c:9)
==30720== 
==30720== LEAK SUMMARY:
==30720==    definitely lost: 1,088 bytes in 72 blocks
==30720==    indirectly lost: 0 bytes in 0 blocks
==30720==      possibly lost: 0 bytes in 0 blocks
==30720==    still reachable: 0 bytes in 0 blocks
==30720==         suppressed: 0 bytes in 0 blocks
==30720== 
==30720== For lists of detected and suppressed errors, rerun with: -s
==30720== ERROR SUMMARY: 1 errors from 1 contexts (suppressed: 0 from 0)
