==24711== Memcheck, a memory error detector
==24711== Copyright (C) 2002-2017, and GNU GPL'd, by Julian Seward et al.
==24711== Using Valgrind-3.18.1 and LibVEX; rerun with -h for copyright info
==24711== Command: ./../src/main input/sensors_clear_hard_1.dat
==24711== Parent PID: 24710
==24711== 
==24711== 
==24711== HEAP SUMMARY:
==24711==     in use at exit: 2,280 bytes in 144 blocks
==24711==   total heap usage: 2,222 allocs, 2,078 frees, 80,048 bytes allocated
==24711== 
==24711== 640 bytes in 32 blocks are definitely lost in loss record 1 of 3
==24711==    at 0x4848899: malloc (in /usr/libexec/valgrind/vgpreload_memcheck-amd64-linux.so)
==24711==    by 0x10A21F: Read (functions.c:108)
==24711==    by 0x109381: main (main.c:9)
==24711== 
==24711== 640 bytes in 40 blocks are definitely lost in loss record 2 of 3
==24711==    at 0x4848899: malloc (in /usr/libexec/valgrind/vgpreload_memcheck-amd64-linux.so)
==24711==    by 0x10A2B0: Read (functions.c:116)
==24711==    by 0x109381: main (main.c:9)
==24711== 
==24711== 1,000 bytes in 72 blocks are definitely lost in loss record 3 of 3
==24711==    at 0x4848899: malloc (in /usr/libexec/valgrind/vgpreload_memcheck-amd64-linux.so)
==24711==    by 0x10A384: Read (functions.c:124)
==24711==    by 0x109381: main (main.c:9)
==24711== 
==24711== LEAK SUMMARY:
==24711==    definitely lost: 2,280 bytes in 144 blocks
==24711==    indirectly lost: 0 bytes in 0 blocks
==24711==      possibly lost: 0 bytes in 0 blocks
==24711==    still reachable: 0 bytes in 0 blocks
==24711==         suppressed: 0 bytes in 0 blocks
==24711== 
==24711== For lists of detected and suppressed errors, rerun with: -s
==24711== ERROR SUMMARY: 3 errors from 3 contexts (suppressed: 0 from 0)
