==24701== Memcheck, a memory error detector
==24701== Copyright (C) 2002-2017, and GNU GPL'd, by Julian Seward et al.
==24701== Using Valgrind-3.18.1 and LibVEX; rerun with -h for copyright info
==24701== Command: ./../src/main input/sensors_clear_easy_1.dat
==24701== Parent PID: 24700
==24701== 
==24701== 
==24701== HEAP SUMMARY:
==24701==     in use at exit: 2,096 bytes in 134 blocks
==24701==   total heap usage: 1,589 allocs, 1,455 frees, 67,728 bytes allocated
==24701== 
==24701== 464 bytes in 29 blocks are definitely lost in loss record 1 of 3
==24701==    at 0x4848899: malloc (in /usr/libexec/valgrind/vgpreload_memcheck-amd64-linux.so)
==24701==    by 0x10A2B0: Read (functions.c:116)
==24701==    by 0x109381: main (main.c:9)
==24701== 
==24701== 760 bytes in 38 blocks are definitely lost in loss record 2 of 3
==24701==    at 0x4848899: malloc (in /usr/libexec/valgrind/vgpreload_memcheck-amd64-linux.so)
==24701==    by 0x10A21F: Read (functions.c:108)
==24701==    by 0x109381: main (main.c:9)
==24701== 
==24701== 872 bytes in 67 blocks are definitely lost in loss record 3 of 3
==24701==    at 0x4848899: malloc (in /usr/libexec/valgrind/vgpreload_memcheck-amd64-linux.so)
==24701==    by 0x10A384: Read (functions.c:124)
==24701==    by 0x109381: main (main.c:9)
==24701== 
==24701== LEAK SUMMARY:
==24701==    definitely lost: 2,096 bytes in 134 blocks
==24701==    indirectly lost: 0 bytes in 0 blocks
==24701==      possibly lost: 0 bytes in 0 blocks
==24701==    still reachable: 0 bytes in 0 blocks
==24701==         suppressed: 0 bytes in 0 blocks
==24701== 
==24701== For lists of detected and suppressed errors, rerun with: -s
==24701== ERROR SUMMARY: 3 errors from 3 contexts (suppressed: 0 from 0)
