p cnf 27 60
-14 11 11 9 0
14 -11 0
14 -11 0
14 -9 0
15 7 0
-15 -7 0
16 9 0
-16 -9 0
-17 13 3 0
17 -13 0
17 -3 0
18 -17 -9 -13 -3 -7 0
-18 17 0
-18 9 0
-18 13 0
-18 3 0
-18 7 0
-19 13 7 5 0
19 -13 0
19 -7 0
19 -5 0
-20 12 3 1 17 5 0
20 -12 0
20 -3 0
20 -1 0
20 -17 0
20 -5 0
-21 15 5 12 10 3 0
21 -15 0
21 -5 0
21 -12 0
21 -10 0
21 -3 0
-22 18 15 0
22 -18 0
22 -15 0
23 13 0
-23 -13 0
24 23 0
-24 -23 0
25 5 0
-25 -5 0
26 10 0
-26 -10 0
-27 2 4 6 8 14 16 19 20 21 22 23 24 25 26 0
27 -2 0
27 -4 0
27 -6 0
27 -8 0
27 -14 0
27 -16 0
27 -19 0
27 -20 0
27 -21 0
27 -22 0
27 -23 0
27 -24 0
27 -25 0
27 -26 0
27 0
