p cnf 51 116
-25 15 14 0
25 -15 0
25 -14 0
26 9 0
-26 -9 0
27 9 0
-27 -9 0
28 8 0
-28 -8 0
29 -25 -14 0
-29 25 0
-29 14 0
30 9 0
-30 -9 0
31 -22 -15 -26 -9 0
-31 22 0
-31 15 0
-31 26 0
-31 9 0
-32 28 28 22 5 0
32 -28 0
32 -28 0
32 -22 0
32 -5 0
-33 2 19 0
33 -2 0
33 -19 0
34 -23 -4 -11 -24 -28 0
-34 23 0
-34 4 0
-34 11 0
-34 24 0
-34 28 0
35 -5 -11 -6 -22 -12 0
-35 5 0
-35 11 0
-35 6 0
-35 22 0
-35 12 0
36 -1 -9 -27 -3 0
-36 1 0
-36 9 0
-36 27 0
-36 3 0
-37 31 23 0
37 -31 0
37 -23 0
38 29 0
-38 -29 0
-39 23 6 0
39 -23 0
39 -6 0
40 3 0
-40 -3 0
41 -30 -1 -13 0
-41 30 0
-41 1 0
-41 13 0
-42 6 34 31 0
42 -6 0
42 -34 0
42 -31 0
43 13 0
-43 -13 0
44 9 0
-44 -9 0
45 -23 -14 -30 -35 -10 0
-45 23 0
-45 14 0
-45 30 0
-45 35 0
-45 10 0
46 -43 -16 -10 -26 0
-46 43 0
-46 16 0
-46 10 0
-46 26 0
-47 15 37 24 1 30 0
47 -15 0
47 -37 0
47 -24 0
47 -1 0
47 -30 0
-48 36 11 24 44 0
48 -36 0
48 -11 0
48 -24 0
48 -44 0
49 19 0
-49 -19 0
50 -37 -6 -41 -25 0
-50 37 0
-50 6 0
-50 41 0
-50 25 0
51 -7 -8 -17 -18 -20 -21 -29 -32 -33 -38 -39 -40 -42 -45 -46 -47 -48 -49 -50 0
-51 7 0
-51 8 0
-51 17 0
-51 18 0
-51 20 0
-51 21 0
-51 29 0
-51 32 0
-51 33 0
-51 38 0
-51 39 0
-51 40 0
-51 42 0
-51 45 0
-51 46 0
-51 47 0
-51 48 0
-51 49 0
-51 50 0
51 0
