p cnf 40 79
20 7 0
-20 -7 0
-21 10 19 0
21 -10 0
21 -19 0
22 -7 -13 -21 -13 0
-22 7 0
-22 13 0
-22 21 0
-22 13 0
23 8 0
-23 -8 0
24 -11 -17 -1 0
-24 11 0
-24 17 0
-24 1 0
25 14 0
-25 -14 0
26 -2 -20 -25 -16 0
-26 2 0
-26 20 0
-26 25 0
-26 16 0
27 5 0
-27 -5 0
28 -24 -17 -27 0
-28 24 0
-28 17 0
-28 27 0
-29 9 10 25 26 0
29 -9 0
29 -10 0
29 -25 0
29 -26 0
30 -17 -7 -8 0
-30 17 0
-30 7 0
-30 8 0
31 7 0
-31 -7 0
-32 22 14 8 20 0
32 -22 0
32 -14 0
32 -8 0
32 -20 0
33 1 0
-33 -1 0
34 29 0
-34 -29 0
-35 4 23 0
35 -4 0
35 -23 0
36 -28 -6 0
-36 28 0
-36 6 0
37 24 0
-37 -24 0
38 -24 -31 -35 0
-38 24 0
-38 31 0
-38 35 0
39 32 0
-39 -32 0
-40 3 5 12 15 18 29 30 32 33 34 36 37 38 39 0
40 -3 0
40 -5 0
40 -12 0
40 -15 0
40 -18 0
40 -29 0
40 -30 0
40 -32 0
40 -33 0
40 -34 0
40 -36 0
40 -37 0
40 -38 0
40 -39 0
40 0
