p cnf 59 137
29 -15 -15 -3 -21 -28 0
-29 15 0
-29 15 0
-29 3 0
-29 21 0
-29 28 0
-30 10 10 8 0
30 -10 0
30 -10 0
30 -8 0
31 -6 -26 -1 0
-31 6 0
-31 26 0
-31 1 0
32 -31 -7 -9 0
-32 31 0
-32 7 0
-32 9 0
33 -9 -5 -8 -10 -26 0
-33 9 0
-33 5 0
-33 8 0
-33 10 0
-33 26 0
34 5 0
-34 -5 0
35 -3 -1 0
-35 3 0
-35 1 0
36 13 0
-36 -13 0
-37 17 10 35 35 0
37 -17 0
37 -10 0
37 -35 0
37 -35 0
38 36 0
-38 -36 0
-39 5 3 17 28 29 0
39 -5 0
39 -3 0
39 -17 0
39 -28 0
39 -29 0
40 -36 -29 -17 -12 0
-40 36 0
-40 29 0
-40 17 0
-40 12 0
41 19 0
-41 -19 0
-42 36 38 0
42 -36 0
42 -38 0
-43 18 25 0
43 -18 0
43 -25 0
44 15 0
-44 -15 0
45 25 0
-45 -25 0
46 22 0
-46 -22 0
47 -27 -22 0
-47 27 0
-47 22 0
48 -9 -34 -44 -10 -28 0
-48 9 0
-48 34 0
-48 44 0
-48 10 0
-48 28 0
-49 3 1 45 9 0
49 -3 0
49 -1 0
49 -45 0
49 -9 0
50 9 0
-50 -9 0
51 -27 -24 0
-51 27 0
-51 24 0
52 -15 -33 -42 0
-52 15 0
-52 33 0
-52 42 0
53 24 0
-53 -24 0
-54 6 12 20 35 26 0
54 -6 0
54 -12 0
54 -20 0
54 -35 0
54 -26 0
-55 50 11 42 9 22 0
55 -50 0
55 -11 0
55 -42 0
55 -9 0
55 -22 0
-56 24 54 43 19 31 0
56 -24 0
56 -54 0
56 -43 0
56 -19 0
56 -31 0
-57 18 19 0
57 -18 0
57 -19 0
-58 28 31 0
58 -28 0
58 -31 0
-59 2 4 13 14 16 23 30 32 37 39 40 41 46 47 48 49 51 52 53 55 56 57 58 0
59 -2 0
59 -4 0
59 -13 0
59 -14 0
59 -16 0
59 -23 0
59 -30 0
59 -32 0
59 -37 0
59 -39 0
59 -40 0
59 -41 0
59 -46 0
59 -47 0
59 -48 0
59 -49 0
59 -51 0
59 -52 0
59 -53 0
59 -55 0
59 -56 0
59 -57 0
59 -58 0
59 0
