p cnf 47 113
-23 8 9 3 0
23 -8 0
23 -9 0
23 -3 0
24 -17 -14 -4 -16 -18 0
-24 17 0
-24 14 0
-24 4 0
-24 16 0
-24 18 0
-25 4 23 24 2 0
25 -4 0
25 -23 0
25 -24 0
25 -2 0
26 -5 -6 -11 0
-26 5 0
-26 6 0
-26 11 0
27 -5 -6 -12 -18 -6 0
-27 5 0
-27 6 0
-27 12 0
-27 18 0
-27 6 0
28 -10 -9 -7 -13 -6 0
-28 10 0
-28 9 0
-28 7 0
-28 13 0
-28 6 0
29 -3 -6 0
-29 3 0
-29 6 0
30 6 0
-30 -6 0
31 1 0
-31 -1 0
32 24 0
-32 -24 0
33 3 0
-33 -3 0
-34 4 10 5 29 0
34 -4 0
34 -10 0
34 -5 0
34 -29 0
35 21 0
-35 -21 0
36 -27 -19 0
-36 27 0
-36 19 0
-37 25 22 6 23 26 0
37 -25 0
37 -22 0
37 -6 0
37 -23 0
37 -26 0
38 -30 -1 -31 -26 0
-38 30 0
-38 1 0
-38 31 0
-38 26 0
-39 33 24 1 16 38 0
39 -33 0
39 -24 0
39 -1 0
39 -16 0
39 -38 0
40 29 0
-40 -29 0
-41 32 8 25 29 0
41 -32 0
41 -8 0
41 -25 0
41 -29 0
42 -16 -9 -36 0
-42 16 0
-42 9 0
-42 36 0
43 -29 -22 -32 -17 0
-43 29 0
-43 22 0
-43 32 0
-43 17 0
-44 17 36 0
44 -17 0
44 -36 0
45 -38 -22 0
-45 38 0
-45 22 0
-46 5 16 31 31 0
46 -5 0
46 -16 0
46 -31 0
46 -31 0
47 -15 -20 -21 -28 -34 -35 -37 -39 -40 -41 -42 -43 -44 -45 -46 0
-47 15 0
-47 20 0
-47 21 0
-47 28 0
-47 34 0
-47 35 0
-47 37 0
-47 39 0
-47 40 0
-47 41 0
-47 42 0
-47 43 0
-47 44 0
-47 45 0
-47 46 0
47 0
