p cnf 55 116
28 -14 -21 -7 0
-28 14 0
-28 21 0
-28 7 0
29 10 0
-29 -10 0
-30 28 3 0
30 -28 0
30 -3 0
31 27 0
-31 -27 0
32 2 0
-32 -2 0
33 -12 -5 -26 0
-33 12 0
-33 5 0
-33 26 0
34 11 0
-34 -11 0
35 -18 -3 -7 0
-35 18 0
-35 3 0
-35 7 0
36 -21 -23 -13 -28 -25 0
-36 21 0
-36 23 0
-36 13 0
-36 28 0
-36 25 0
37 7 0
-37 -7 0
-38 12 7 29 0
38 -12 0
38 -7 0
38 -29 0
-39 6 3 0
39 -6 0
39 -3 0
-40 8 34 0
40 -8 0
40 -34 0
-41 24 6 18 14 0
41 -24 0
41 -6 0
41 -18 0
41 -14 0
42 -39 -18 -35 -1 -11 0
-42 39 0
-42 18 0
-42 35 0
-42 1 0
-42 11 0
43 -7 -31 -5 0
-43 7 0
-43 31 0
-43 5 0
-44 40 32 36 41 38 0
44 -40 0
44 -32 0
44 -36 0
44 -41 0
44 -38 0
45 19 0
-45 -19 0
46 -19 -17 -44 -28 0
-46 19 0
-46 17 0
-46 44 0
-46 28 0
-47 33 24 0
47 -33 0
47 -24 0
-48 18 28 30 4 0
48 -18 0
48 -28 0
48 -30 0
48 -4 0
49 32 0
-49 -32 0
50 -5 -8 -5 0
-50 5 0
-50 8 0
-50 5 0
51 -5 -43 -11 0
-51 5 0
-51 43 0
-51 11 0
52 42 0
-52 -42 0
53 35 0
-53 -35 0
-54 46 42 43 46 0
54 -46 0
54 -42 0
54 -43 0
54 -46 0
-55 2 9 10 15 16 20 22 27 37 45 47 48 49 50 51 52 53 54 0
55 -2 0
55 -9 0
55 -10 0
55 -15 0
55 -16 0
55 -20 0
55 -22 0
55 -27 0
55 -37 0
55 -45 0
55 -47 0
55 -48 0
55 -49 0
55 -50 0
55 -51 0
55 -52 0
55 -53 0
55 -54 0
55 0
