p cnf 56 112
-28 10 22 0
28 -10 0
28 -22 0
29 15 0
-29 -15 0
-30 5 28 0
30 -5 0
30 -28 0
31 -24 -17 -8 0
-31 24 0
-31 17 0
-31 8 0
32 -16 -21 -10 0
-32 16 0
-32 21 0
-32 10 0
33 27 0
-33 -27 0
34 29 0
-34 -29 0
35 -32 -14 0
-35 32 0
-35 14 0
-36 2 6 0
36 -2 0
36 -6 0
-37 15 29 0
37 -15 0
37 -29 0
38 -19 -3 0
-38 19 0
-38 3 0
39 17 0
-39 -17 0
40 8 0
-40 -8 0
-41 16 11 38 0
41 -16 0
41 -11 0
41 -38 0
42 18 0
-42 -18 0
43 13 0
-43 -13 0
-44 22 15 0
44 -22 0
44 -15 0
45 -9 -35 -35 -30 0
-45 9 0
-45 35 0
-45 35 0
-45 30 0
46 18 0
-46 -18 0
47 -24 -41 -39 0
-47 24 0
-47 41 0
-47 39 0
-48 1 32 1 46 0
48 -1 0
48 -32 0
48 -1 0
48 -46 0
-49 34 40 21 0
49 -34 0
49 -40 0
49 -21 0
-50 13 46 40 5 0
50 -13 0
50 -46 0
50 -40 0
50 -5 0
51 16 0
-51 -16 0
52 -17 -20 -30 -25 -14 0
-52 17 0
-52 20 0
-52 30 0
-52 25 0
-52 14 0
-53 7 45 44 0
53 -7 0
53 -45 0
53 -44 0
54 24 0
-54 -24 0
-55 6 50 4 29 0
55 -6 0
55 -50 0
55 -4 0
55 -29 0
56 -12 -18 -23 -26 -27 -31 -33 -36 -37 -42 -43 -47 -48 -49 -51 -52 -53 -54 -55 0
-56 12 0
-56 18 0
-56 23 0
-56 26 0
-56 27 0
-56 31 0
-56 33 0
-56 36 0
-56 37 0
-56 42 0
-56 43 0
-56 47 0
-56 48 0
-56 49 0
-56 51 0
-56 52 0
-56 53 0
-56 54 0
-56 55 0
56 0
