p cnf 46 96
23 -12 -10 -19 -17 0
-23 12 0
-23 10 0
-23 19 0
-23 17 0
-24 7 3 0
24 -7 0
24 -3 0
25 -1 -15 -19 -20 -8 0
-25 1 0
-25 15 0
-25 19 0
-25 20 0
-25 8 0
26 19 0
-26 -19 0
27 14 0
-27 -14 0
28 18 0
-28 -18 0
-29 22 3 6 0
29 -22 0
29 -3 0
29 -6 0
30 19 0
-30 -19 0
31 6 0
-31 -6 0
32 15 0
-32 -15 0
33 9 0
-33 -9 0
34 31 0
-34 -31 0
35 20 0
-35 -20 0
36 -8 -22 -8 0
-36 8 0
-36 22 0
-36 8 0
37 1 0
-37 -1 0
38 28 0
-38 -28 0
-39 24 22 15 33 0
39 -24 0
39 -22 0
39 -15 0
39 -33 0
40 25 0
-40 -25 0
41 40 0
-41 -40 0
42 18 0
-42 -18 0
43 30 0
-43 -30 0
44 -1 -3 -3 0
-44 1 0
-44 3 0
-44 3 0
45 -33 -43 -28 -14 0
-45 33 0
-45 43 0
-45 28 0
-45 14 0
-46 2 4 5 9 11 13 16 18 21 23 25 26 27 29 30 31 32 34 35 36 37 38 39 40 41 42 44 45 0
46 -2 0
46 -4 0
46 -5 0
46 -9 0
46 -11 0
46 -13 0
46 -16 0
46 -18 0
46 -21 0
46 -23 0
46 -25 0
46 -26 0
46 -27 0
46 -29 0
46 -30 0
46 -31 0
46 -32 0
46 -34 0
46 -35 0
46 -36 0
46 -37 0
46 -38 0
46 -39 0
46 -40 0
46 -41 0
46 -42 0
46 -44 0
46 -45 0
46 0
