p cnf 29 64
15 6 0
-15 -6 0
16 6 0
-16 -6 0
-17 7 10 9 0
17 -7 0
17 -10 0
17 -9 0
18 12 0
-18 -12 0
19 7 0
-19 -7 0
20 -18 -7 -19 0
-20 18 0
-20 7 0
-20 19 0
21 10 0
-21 -10 0
22 -5 -1 -2 -10 -20 0
-22 5 0
-22 1 0
-22 2 0
-22 10 0
-22 20 0
-23 22 10 16 9 9 0
23 -22 0
23 -10 0
23 -16 0
23 -9 0
23 -9 0
24 8 0
-24 -8 0
25 -10 -8 -17 -2 -7 0
-25 10 0
-25 8 0
-25 17 0
-25 2 0
-25 7 0
26 -2 -11 -16 -16 -11 0
-26 2 0
-26 11 0
-26 16 0
-26 16 0
-26 11 0
27 25 0
-27 -25 0
28 -8 -24 0
-28 8 0
-28 24 0
29 -3 -4 -6 -12 -13 -14 -15 -21 -23 -25 -26 -27 -28 0
-29 3 0
-29 4 0
-29 6 0
-29 12 0
-29 13 0
-29 14 0
-29 15 0
-29 21 0
-29 23 0
-29 25 0
-29 26 0
-29 27 0
-29 28 0
29 0
