p cnf 92 202
46 -43 -12 -11 -43 0
-46 43 0
-46 12 0
-46 11 0
-46 43 0
47 16 0
-47 -16 0
-48 17 34 31 0
48 -17 0
48 -34 0
48 -31 0
49 20 0
-49 -20 0
50 19 0
-50 -19 0
-51 23 42 13 6 15 0
51 -23 0
51 -42 0
51 -13 0
51 -6 0
51 -15 0
-52 29 43 34 41 13 0
52 -29 0
52 -43 0
52 -34 0
52 -41 0
52 -13 0
53 25 0
-53 -25 0
54 -11 -18 -23 0
-54 11 0
-54 18 0
-54 23 0
55 -49 -54 -54 0
-55 49 0
-55 54 0
-55 54 0
56 -37 -43 -55 0
-56 37 0
-56 43 0
-56 55 0
57 55 0
-57 -55 0
58 4 0
-58 -4 0
59 33 0
-59 -33 0
-60 16 1 51 22 0
60 -16 0
60 -1 0
60 -51 0
60 -22 0
61 -31 -19 -2 -17 -58 0
-61 31 0
-61 19 0
-61 2 0
-61 17 0
-61 58 0
62 35 0
-62 -35 0
63 57 0
-63 -57 0
-64 3 43 0
64 -3 0
64 -43 0
65 41 0
-65 -41 0
66 -62 -51 -53 -64 -60 0
-66 62 0
-66 51 0
-66 53 0
-66 64 0
-66 60 0
67 -59 -29 0
-67 59 0
-67 29 0
-68 6 12 0
68 -6 0
68 -12 0
69 33 0
-69 -33 0
70 -24 -37 -69 -43 -39 0
-70 24 0
-70 37 0
-70 69 0
-70 43 0
-70 39 0
-71 51 61 16 20 0
71 -51 0
71 -61 0
71 -16 0
71 -20 0
-72 68 38 5 2 33 0
72 -68 0
72 -38 0
72 -5 0
72 -2 0
72 -33 0
73 -15 -46 0
-73 15 0
-73 46 0
-74 30 29 44 66 0
74 -30 0
74 -29 0
74 -44 0
74 -66 0
75 2 0
-75 -2 0
76 57 0
-76 -57 0
77 -40 -59 -1 0
-77 40 0
-77 59 0
-77 1 0
-78 26 32 47 0
78 -26 0
78 -32 0
78 -47 0
79 -58 -23 -55 -73 0
-79 58 0
-79 23 0
-79 55 0
-79 73 0
80 26 0
-80 -26 0
81 1 0
-81 -1 0
82 -56 -66 -12 -20 0
-82 56 0
-82 66 0
-82 12 0
-82 20 0
-83 47 18 75 35 38 0
83 -47 0
83 -18 0
83 -75 0
83 -35 0
83 -38 0
-84 80 8 45 81 53 0
84 -80 0
84 -8 0
84 -45 0
84 -81 0
84 -53 0
-85 2 33 0
85 -2 0
85 -33 0
86 -54 -69 -56 -81 -19 0
-86 54 0
-86 69 0
-86 56 0
-86 81 0
-86 19 0
87 -25 -45 -83 -66 0
-87 25 0
-87 45 0
-87 83 0
-87 66 0
88 -81 -65 -45 0
-88 81 0
-88 65 0
-88 45 0
89 8 0
-89 -8 0
90 89 0
-90 -89 0
91 42 0
-91 -42 0
-92 4 7 9 10 14 21 27 28 36 48 50 52 57 63 67 70 71 72 74 76 77 78 79 82 84 85 86 87 88 89 90 91 0
92 -4 0
92 -7 0
92 -9 0
92 -10 0
92 -14 0
92 -21 0
92 -27 0
92 -28 0
92 -36 0
92 -48 0
92 -50 0
92 -52 0
92 -57 0
92 -63 0
92 -67 0
92 -70 0
92 -71 0
92 -72 0
92 -74 0
92 -76 0
92 -77 0
92 -78 0
92 -79 0
92 -82 0
92 -84 0
92 -85 0
92 -86 0
92 -87 0
92 -88 0
92 -89 0
92 -90 0
92 -91 0
92 0
