p cnf 99 215
50 -33 -11 -19 -2 -20 0
-50 33 0
-50 11 0
-50 19 0
-50 2 0
-50 20 0
51 -22 -27 -22 -48 0
-51 22 0
-51 27 0
-51 22 0
-51 48 0
52 18 0
-52 -18 0
53 24 0
-53 -24 0
54 -43 -48 0
-54 43 0
-54 48 0
55 20 0
-55 -20 0
56 -8 -10 -21 0
-56 8 0
-56 10 0
-56 21 0
57 52 0
-57 -52 0
-58 46 49 5 0
58 -46 0
58 -49 0
58 -5 0
-59 43 9 0
59 -43 0
59 -9 0
60 -30 -32 -44 -24 -45 0
-60 30 0
-60 32 0
-60 44 0
-60 24 0
-60 45 0
-61 14 33 0
61 -14 0
61 -33 0
-62 56 50 1 39 0
62 -56 0
62 -50 0
62 -1 0
62 -39 0
-63 62 53 57 0
63 -62 0
63 -53 0
63 -57 0
64 1 0
-64 -1 0
65 -12 -17 0
-65 12 0
-65 17 0
66 29 0
-66 -29 0
-67 3 50 38 55 22 0
67 -3 0
67 -50 0
67 -38 0
67 -55 0
67 -22 0
68 -37 -26 -18 -22 -44 0
-68 37 0
-68 26 0
-68 18 0
-68 22 0
-68 44 0
69 27 0
-69 -27 0
-70 58 46 24 35 0
70 -58 0
70 -46 0
70 -24 0
70 -35 0
-71 56 20 0
71 -56 0
71 -20 0
72 2 0
-72 -2 0
73 55 0
-73 -55 0
74 -31 -55 0
-74 31 0
-74 55 0
75 34 0
-75 -34 0
76 -44 -73 -75 -39 0
-76 44 0
-76 73 0
-76 75 0
-76 39 0
77 -55 -17 0
-77 55 0
-77 17 0
-78 2 66 0
78 -2 0
78 -66 0
-79 74 26 0
79 -74 0
79 -26 0
-80 76 24 12 45 0
80 -76 0
80 -24 0
80 -12 0
80 -45 0
81 -12 -14 -69 0
-81 12 0
-81 14 0
-81 69 0
82 -57 -32 0
-82 57 0
-82 32 0
83 -13 -80 -37 0
-83 13 0
-83 80 0
-83 37 0
84 12 0
-84 -12 0
85 38 0
-85 -38 0
86 -66 -39 -13 0
-86 66 0
-86 39 0
-86 13 0
-87 24 33 30 74 27 0
87 -24 0
87 -33 0
87 -30 0
87 -74 0
87 -27 0
88 24 0
-88 -24 0
89 -60 -45 -3 0
-89 60 0
-89 45 0
-89 3 0
90 -86 -19 0
-90 86 0
-90 19 0
-91 3 52 78 23 81 0
91 -3 0
91 -52 0
91 -78 0
91 -23 0
91 -81 0
92 -17 -68 0
-92 17 0
-92 68 0
93 -69 -86 -28 -7 0
-93 69 0
-93 86 0
-93 28 0
-93 7 0
-94 12 29 86 2 0
94 -12 0
94 -29 0
94 -86 0
94 -2 0
-95 71 86 69 83 12 0
95 -71 0
95 -86 0
95 -69 0
95 -83 0
95 -12 0
96 40 0
-96 -40 0
97 -24 -5 -50 0
-97 24 0
-97 5 0
-97 50 0
98 41 0
-98 -41 0
-99 4 6 15 16 25 34 36 40 41 42 47 51 54 59 61 63 64 65 67 70 72 77 79 82 84 85 87 88 89 90 91 92 93 94 95 96 97 98 0
99 -4 0
99 -6 0
99 -15 0
99 -16 0
99 -25 0
99 -34 0
99 -36 0
99 -40 0
99 -41 0
99 -42 0
99 -47 0
99 -51 0
99 -54 0
99 -59 0
99 -61 0
99 -63 0
99 -64 0
99 -65 0
99 -67 0
99 -70 0
99 -72 0
99 -77 0
99 -79 0
99 -82 0
99 -84 0
99 -85 0
99 -87 0
99 -88 0
99 -89 0
99 -90 0
99 -91 0
99 -92 0
99 -93 0
99 -94 0
99 -95 0
99 -96 0
99 -97 0
99 -98 0
99 0
