p cnf 50 104
25 9 0
-25 -9 0
26 -1 -16 0
-26 1 0
-26 16 0
27 -12 -23 -13 -25 0
-27 12 0
-27 23 0
-27 13 0
-27 25 0
28 16 0
-28 -16 0
29 18 0
-29 -18 0
-30 14 22 0
30 -14 0
30 -22 0
-31 3 20 25 0
31 -3 0
31 -20 0
31 -25 0
32 6 0
-32 -6 0
33 -9 -21 0
-33 9 0
-33 21 0
-34 28 5 10 18 27 0
34 -28 0
34 -5 0
34 -10 0
34 -18 0
34 -27 0
-35 32 30 1 32 7 0
35 -32 0
35 -30 0
35 -1 0
35 -32 0
35 -7 0
36 -5 -35 -26 0
-36 5 0
-36 35 0
-36 26 0
-37 22 33 16 0
37 -22 0
37 -33 0
37 -16 0
38 33 0
-38 -33 0
-39 15 37 17 26 0
39 -15 0
39 -37 0
39 -17 0
39 -26 0
40 -20 -31 -38 0
-40 20 0
-40 31 0
-40 38 0
-41 30 2 6 0
41 -30 0
41 -2 0
41 -6 0
42 14 0
-42 -14 0
43 7 0
-43 -7 0
44 6 0
-44 -6 0
-45 8 22 6 0
45 -8 0
45 -22 0
45 -6 0
-46 35 27 15 38 16 0
46 -35 0
46 -27 0
46 -15 0
46 -38 0
46 -16 0
47 -29 -29 0
-47 29 0
-47 29 0
-48 34 9 33 0
48 -34 0
48 -9 0
48 -33 0
49 42 0
-49 -42 0
-50 4 11 19 24 36 39 40 41 42 43 44 45 46 47 48 49 0
50 -4 0
50 -11 0
50 -19 0
50 -24 0
50 -36 0
50 -39 0
50 -40 0
50 -41 0
50 -42 0
50 -43 0
50 -44 0
50 -45 0
50 -46 0
50 -47 0
50 -48 0
50 -49 0
50 0
