p cnf 93 212
45 21 0
-45 -21 0
46 26 0
-46 -26 0
47 -26 -22 0
-47 26 0
-47 22 0
48 -40 -10 -42 0
-48 40 0
-48 10 0
-48 42 0
49 47 0
-49 -47 0
-50 5 44 0
50 -5 0
50 -44 0
51 -45 -27 0
-51 45 0
-51 27 0
52 -27 -42 -44 0
-52 27 0
-52 42 0
-52 44 0
-53 26 48 28 0
53 -26 0
53 -48 0
53 -28 0
-54 31 3 27 11 0
54 -31 0
54 -3 0
54 -27 0
54 -11 0
-55 38 41 27 29 12 0
55 -38 0
55 -41 0
55 -27 0
55 -29 0
55 -12 0
56 -44 -8 -8 -14 0
-56 44 0
-56 8 0
-56 8 0
-56 14 0
57 13 0
-57 -13 0
-58 30 22 43 0
58 -30 0
58 -22 0
58 -43 0
-59 53 52 12 53 0
59 -53 0
59 -52 0
59 -12 0
59 -53 0
60 -42 -23 -32 0
-60 42 0
-60 23 0
-60 32 0
-61 11 54 24 10 0
61 -11 0
61 -54 0
61 -24 0
61 -10 0
62 12 0
-62 -12 0
63 52 0
-63 -52 0
64 -6 -43 0
-64 6 0
-64 43 0
65 50 0
-65 -50 0
66 38 0
-66 -38 0
-67 22 48 16 44 51 0
67 -22 0
67 -48 0
67 -16 0
67 -44 0
67 -51 0
-68 62 54 0
68 -62 0
68 -54 0
69 37 0
-69 -37 0
70 -69 -17 -18 0
-70 69 0
-70 17 0
-70 18 0
71 -21 -67 -15 -57 0
-71 21 0
-71 67 0
-71 15 0
-71 57 0
72 -38 -63 -7 -34 -21 0
-72 38 0
-72 63 0
-72 7 0
-72 34 0
-72 21 0
73 13 0
-73 -13 0
-74 29 3 55 33 18 0
74 -29 0
74 -3 0
74 -55 0
74 -33 0
74 -18 0
75 -52 -12 -5 -40 0
-75 52 0
-75 12 0
-75 5 0
-75 40 0
76 -68 -55 -33 -34 -62 0
-76 68 0
-76 55 0
-76 33 0
-76 34 0
-76 62 0
77 53 0
-77 -53 0
78 2 0
-78 -2 0
79 76 0
-79 -76 0
80 65 0
-80 -65 0
-81 44 44 75 0
81 -44 0
81 -44 0
81 -75 0
-82 22 52 37 0
82 -22 0
82 -52 0
82 -37 0
83 40 0
-83 -40 0
84 -43 -80 -15 0
-84 43 0
-84 80 0
-84 15 0
85 -76 -15 -33 -68 -41 0
-85 76 0
-85 15 0
-85 33 0
-85 68 0
-85 41 0
86 -66 -58 0
-86 66 0
-86 58 0
87 -73 -74 -74 0
-87 73 0
-87 74 0
-87 74 0
88 -84 -2 -84 0
-88 84 0
-88 2 0
-88 84 0
89 -42 -86 0
-89 42 0
-89 86 0
90 -29 -27 -45 -75 0
-90 29 0
-90 27 0
-90 45 0
-90 75 0
91 -65 -84 -73 -23 -63 0
-91 65 0
-91 84 0
-91 73 0
-91 23 0
-91 63 0
-92 24 9 31 13 0
92 -24 0
92 -9 0
92 -31 0
92 -13 0
93 -1 -4 -19 -20 -25 -35 -36 -39 -46 -47 -49 -50 -56 -59 -60 -61 -64 -70 -71 -72 -77 -78 -79 -81 -82 -83 -85 -87 -88 -89 -90 -91 -92 0
-93 1 0
-93 4 0
-93 19 0
-93 20 0
-93 25 0
-93 35 0
-93 36 0
-93 39 0
-93 46 0
-93 47 0
-93 49 0
-93 50 0
-93 56 0
-93 59 0
-93 60 0
-93 61 0
-93 64 0
-93 70 0
-93 71 0
-93 72 0
-93 77 0
-93 78 0
-93 79 0
-93 81 0
-93 82 0
-93 83 0
-93 85 0
-93 87 0
-93 88 0
-93 89 0
-93 90 0
-93 91 0
-93 92 0
93 0
