p cnf 98 217
-48 21 23 0
48 -21 0
48 -23 0
49 -24 -21 0
-49 24 0
-49 21 0
50 -2 -35 -14 -7 0
-50 2 0
-50 35 0
-50 14 0
-50 7 0
-51 22 11 41 35 0
51 -22 0
51 -11 0
51 -41 0
51 -35 0
52 -27 -27 -28 -10 -33 0
-52 27 0
-52 27 0
-52 28 0
-52 10 0
-52 33 0
53 36 0
-53 -36 0
54 37 0
-54 -37 0
55 54 0
-55 -54 0
-56 8 38 16 14 0
56 -8 0
56 -38 0
56 -16 0
56 -14 0
57 -49 -46 -38 -48 0
-57 49 0
-57 46 0
-57 38 0
-57 48 0
58 -39 -30 -42 0
-58 39 0
-58 30 0
-58 42 0
-59 23 30 25 0
59 -23 0
59 -30 0
59 -25 0
60 -58 -9 -11 -23 -14 0
-60 58 0
-60 9 0
-60 11 0
-60 23 0
-60 14 0
-61 45 58 60 48 11 0
61 -45 0
61 -58 0
61 -60 0
61 -48 0
61 -11 0
62 49 0
-62 -49 0
63 44 0
-63 -44 0
-64 13 10 0
64 -13 0
64 -10 0
65 -31 -20 0
-65 31 0
-65 20 0
66 56 0
-66 -56 0
-67 39 11 26 0
67 -39 0
67 -11 0
67 -26 0
-68 21 46 15 27 0
68 -21 0
68 -46 0
68 -15 0
68 -27 0
-69 34 25 0
69 -34 0
69 -25 0
70 60 0
-70 -60 0
71 -18 -40 -20 0
-71 18 0
-71 40 0
-71 20 0
72 -1 -24 0
-72 1 0
-72 24 0
73 -26 -69 -26 0
-73 26 0
-73 69 0
-73 26 0
74 16 0
-74 -16 0
75 68 0
-75 -68 0
76 -10 -43 -23 -26 -58 0
-76 10 0
-76 43 0
-76 23 0
-76 26 0
-76 58 0
77 68 0
-77 -68 0
78 63 0
-78 -63 0
79 -44 -35 -40 -64 0
-79 44 0
-79 35 0
-79 40 0
-79 64 0
80 49 0
-80 -49 0
81 36 0
-81 -36 0
82 2 0
-82 -2 0
-83 12 17 39 74 60 0
83 -12 0
83 -17 0
83 -39 0
83 -74 0
83 -60 0
84 8 0
-84 -8 0
85 -19 -62 -24 -3 -50 0
-85 19 0
-85 62 0
-85 24 0
-85 3 0
-85 50 0
86 4 0
-86 -4 0
87 67 0
-87 -67 0
88 56 0
-88 -56 0
89 -10 -36 0
-89 10 0
-89 36 0
-90 10 6 0
90 -10 0
90 -6 0
91 -57 -5 -51 -33 -30 0
-91 57 0
-91 5 0
-91 51 0
-91 33 0
-91 30 0
-92 91 31 86 75 84 0
92 -91 0
92 -31 0
92 -86 0
92 -75 0
92 -84 0
93 5 0
-93 -5 0
94 -24 -45 -84 -30 0
-94 24 0
-94 45 0
-94 84 0
-94 30 0
95 41 0
-95 -41 0
96 87 0
-96 -87 0
-97 16 30 33 20 15 0
97 -16 0
97 -30 0
97 -33 0
97 -20 0
97 -15 0
-98 4 29 32 37 47 52 53 54 55 56 59 61 63 65 66 67 68 70 71 72 73 76 77 78 79 80 81 82 83 85 87 88 89 90 92 93 94 95 96 97 0
98 -4 0
98 -29 0
98 -32 0
98 -37 0
98 -47 0
98 -52 0
98 -53 0
98 -54 0
98 -55 0
98 -56 0
98 -59 0
98 -61 0
98 -63 0
98 -65 0
98 -66 0
98 -67 0
98 -68 0
98 -70 0
98 -71 0
98 -72 0
98 -73 0
98 -76 0
98 -77 0
98 -78 0
98 -79 0
98 -80 0
98 -81 0
98 -82 0
98 -83 0
98 -85 0
98 -87 0
98 -88 0
98 -89 0
98 -90 0
98 -92 0
98 -93 0
98 -94 0
98 -95 0
98 -96 0
98 -97 0
98 0
