p cnf 43 98
22 -15 -20 -18 -14 -6 0
-22 15 0
-22 20 0
-22 18 0
-22 14 0
-22 6 0
-23 5 17 0
23 -5 0
23 -17 0
24 14 0
-24 -14 0
-25 20 14 12 13 4 0
25 -20 0
25 -14 0
25 -12 0
25 -13 0
25 -4 0
26 -23 -17 -18 -23 0
-26 23 0
-26 17 0
-26 18 0
-26 23 0
27 -26 -1 -3 -1 -6 0
-27 26 0
-27 1 0
-27 3 0
-27 1 0
-27 6 0
-28 7 13 6 0
28 -7 0
28 -13 0
28 -6 0
29 -14 -21 0
-29 14 0
-29 21 0
-30 10 17 0
30 -10 0
30 -17 0
-31 12 2 0
31 -12 0
31 -2 0
-32 8 11 28 12 9 0
32 -8 0
32 -11 0
32 -28 0
32 -12 0
32 -9 0
33 26 0
-33 -26 0
34 -5 -13 -1 0
-34 5 0
-34 13 0
-34 1 0
-35 20 30 0
35 -20 0
35 -30 0
36 -33 -15 0
-36 33 0
-36 15 0
37 -25 -7 -19 0
-37 25 0
-37 7 0
-37 19 0
38 -19 -5 0
-38 19 0
-38 5 0
39 -23 -26 -19 -14 -1 0
-39 23 0
-39 26 0
-39 19 0
-39 14 0
-39 1 0
40 1 0
-40 -1 0
-41 10 26 33 0
41 -10 0
41 -26 0
41 -33 0
42 20 0
-42 -20 0
43 -16 -22 -24 -27 -29 -31 -32 -34 -35 -36 -37 -38 -39 -40 -41 -42 0
-43 16 0
-43 22 0
-43 24 0
-43 27 0
-43 29 0
-43 31 0
-43 32 0
-43 34 0
-43 35 0
-43 36 0
-43 37 0
-43 38 0
-43 39 0
-43 40 0
-43 41 0
-43 42 0
43 0
