p cnf 68 163
33 -12 -16 0
-33 12 0
-33 16 0
-34 10 26 30 0
34 -10 0
34 -26 0
34 -30 0
35 28 0
-35 -28 0
-36 16 17 20 0
36 -16 0
36 -17 0
36 -20 0
37 31 0
-37 -31 0
38 -35 -26 -22 -13 -11 0
-38 35 0
-38 26 0
-38 22 0
-38 13 0
-38 11 0
39 7 0
-39 -7 0
-40 37 20 7 28 37 0
40 -37 0
40 -20 0
40 -7 0
40 -28 0
40 -37 0
41 -17 -23 -21 -19 0
-41 17 0
-41 23 0
-41 21 0
-41 19 0
42 23 0
-42 -23 0
-43 40 30 0
43 -40 0
43 -30 0
-44 33 30 25 25 38 0
44 -33 0
44 -30 0
44 -25 0
44 -25 0
44 -38 0
-45 41 32 17 31 7 0
45 -41 0
45 -32 0
45 -17 0
45 -31 0
45 -7 0
46 -42 -33 0
-46 42 0
-46 33 0
-47 21 23 22 0
47 -21 0
47 -23 0
47 -22 0
48 -37 -10 -35 -12 -36 0
-48 37 0
-48 10 0
-48 35 0
-48 12 0
-48 36 0
-49 4 14 0
49 -4 0
49 -14 0
-50 9 35 6 12 0
50 -9 0
50 -35 0
50 -6 0
50 -12 0
-51 13 36 14 10 5 0
51 -13 0
51 -36 0
51 -14 0
51 -10 0
51 -5 0
52 2 0
-52 -2 0
-53 50 39 11 0
53 -50 0
53 -39 0
53 -11 0
54 -18 -16 -6 -23 0
-54 18 0
-54 16 0
-54 6 0
-54 23 0
-55 27 32 40 30 51 0
55 -27 0
55 -32 0
55 -40 0
55 -30 0
55 -51 0
56 -2 -44 0
-56 2 0
-56 44 0
57 -42 -13 -52 -53 -39 0
-57 42 0
-57 13 0
-57 52 0
-57 53 0
-57 39 0
-58 13 51 18 54 0
58 -13 0
58 -51 0
58 -18 0
58 -54 0
-59 45 47 21 52 0
59 -45 0
59 -47 0
59 -21 0
59 -52 0
60 -55 -54 0
-60 55 0
-60 54 0
61 6 0
-61 -6 0
62 -20 -14 -49 -14 -15 0
-62 20 0
-62 14 0
-62 49 0
-62 14 0
-62 15 0
63 -20 -8 0
-63 20 0
-63 8 0
64 15 0
-64 -15 0
65 -46 -13 -15 -23 0
-65 46 0
-65 13 0
-65 15 0
-65 23 0
-66 12 40 35 63 0
66 -12 0
66 -40 0
66 -35 0
66 -63 0
-67 23 16 0
67 -23 0
67 -16 0
68 -1 -3 -24 -29 -34 -43 -48 -56 -57 -58 -59 -60 -61 -62 -64 -65 -66 -67 0
-68 1 0
-68 3 0
-68 24 0
-68 29 0
-68 34 0
-68 43 0
-68 48 0
-68 56 0
-68 57 0
-68 58 0
-68 59 0
-68 60 0
-68 61 0
-68 62 0
-68 64 0
-68 65 0
-68 66 0
-68 67 0
68 0
