p cnf 34 84
17 -15 -1 -3 -1 -9 0
-17 15 0
-17 1 0
-17 3 0
-17 1 0
-17 9 0
-18 2 14 17 3 7 0
18 -2 0
18 -14 0
18 -17 0
18 -3 0
18 -7 0
19 -17 -10 0
-19 17 0
-19 10 0
-20 14 1 6 7 0
20 -14 0
20 -1 0
20 -6 0
20 -7 0
21 20 0
-21 -20 0
-22 7 19 20 0
22 -7 0
22 -19 0
22 -20 0
-23 13 18 10 9 14 0
23 -13 0
23 -18 0
23 -10 0
23 -9 0
23 -14 0
24 -19 -3 -23 0
-24 19 0
-24 3 0
-24 23 0
25 13 0
-25 -13 0
-26 1 17 9 11 18 0
26 -1 0
26 -17 0
26 -9 0
26 -11 0
26 -18 0
27 -5 -20 -7 -20 -25 0
-27 5 0
-27 20 0
-27 7 0
-27 20 0
-27 25 0
28 -27 -27 -13 0
-28 27 0
-28 27 0
-28 13 0
29 23 0
-29 -23 0
-30 14 10 2 0
30 -14 0
30 -10 0
30 -2 0
31 12 0
-31 -12 0
32 -16 -6 -21 -15 -13 0
-32 16 0
-32 6 0
-32 21 0
-32 15 0
-32 13 0
33 16 0
-33 -16 0
34 -4 -8 -12 -22 -24 -26 -28 -29 -30 -31 -32 -33 0
-34 4 0
-34 8 0
-34 12 0
-34 22 0
-34 24 0
-34 26 0
-34 28 0
-34 29 0
-34 30 0
-34 31 0
-34 32 0
-34 33 0
34 0
