p cnf 32 76
-16 5 4 7 5 3 0
16 -5 0
16 -4 0
16 -7 0
16 -5 0
16 -3 0
-17 11 3 6 10 6 0
17 -11 0
17 -3 0
17 -6 0
17 -10 0
17 -6 0
18 -8 -14 -16 0
-18 8 0
-18 14 0
-18 16 0
19 -17 -2 0
-19 17 0
-19 2 0
20 -10 -9 -13 -13 0
-20 10 0
-20 9 0
-20 13 0
-20 13 0
-21 18 5 18 0
21 -18 0
21 -5 0
21 -18 0
-22 9 12 14 0
22 -9 0
22 -12 0
22 -14 0
-23 15 12 9 9 0
23 -15 0
23 -12 0
23 -9 0
23 -9 0
24 -10 -20 0
-24 10 0
-24 20 0
25 4 0
-25 -4 0
26 7 0
-26 -7 0
27 -24 -25 -2 -23 -11 0
-27 24 0
-27 25 0
-27 2 0
-27 23 0
-27 11 0
28 -24 -26 -3 0
-28 24 0
-28 26 0
-28 3 0
29 13 0
-29 -13 0
30 -26 -28 -3 -18 0
-30 26 0
-30 28 0
-30 3 0
-30 18 0
31 -25 -13 -7 -20 0
-31 25 0
-31 13 0
-31 7 0
-31 20 0
32 -1 -19 -21 -22 -27 -29 -30 -31 0
-32 1 0
-32 19 0
-32 21 0
-32 22 0
-32 27 0
-32 29 0
-32 30 0
-32 31 0
32 0
