p cnf 69 159
-34 16 18 0
34 -16 0
34 -18 0
35 4 0
-35 -4 0
36 27 0
-36 -27 0
37 -31 -10 -20 -16 -22 0
-37 31 0
-37 10 0
-37 20 0
-37 16 0
-37 22 0
38 24 0
-38 -24 0
-39 9 8 10 5 0
39 -9 0
39 -8 0
39 -10 0
39 -5 0
40 -37 -35 -30 -10 -7 0
-40 37 0
-40 35 0
-40 30 0
-40 10 0
-40 7 0
41 11 0
-41 -11 0
-42 18 15 3 0
42 -18 0
42 -15 0
42 -3 0
43 -13 -17 0
-43 13 0
-43 17 0
44 38 0
-44 -38 0
-45 28 42 44 1 36 0
45 -28 0
45 -42 0
45 -44 0
45 -1 0
45 -36 0
46 -30 -13 -17 0
-46 30 0
-46 13 0
-46 17 0
47 -19 -20 -31 0
-47 19 0
-47 20 0
-47 31 0
48 -42 -16 -12 0
-48 42 0
-48 16 0
-48 12 0
49 -20 -2 -35 -35 -6 0
-49 20 0
-49 2 0
-49 35 0
-49 35 0
-49 6 0
50 37 0
-50 -37 0
-51 14 42 11 9 14 0
51 -14 0
51 -42 0
51 -11 0
51 -9 0
51 -14 0
52 46 0
-52 -46 0
53 26 0
-53 -26 0
54 27 0
-54 -27 0
-55 41 45 52 0
55 -41 0
55 -45 0
55 -52 0
56 -20 -14 -26 -52 -39 0
-56 20 0
-56 14 0
-56 26 0
-56 52 0
-56 39 0
-57 16 39 49 16 0
57 -16 0
57 -39 0
57 -49 0
57 -16 0
58 31 0
-58 -31 0
59 -5 -17 -56 0
-59 5 0
-59 17 0
-59 56 0
60 -54 -33 -47 -19 0
-60 54 0
-60 33 0
-60 47 0
-60 19 0
61 23 0
-61 -23 0
-62 5 40 38 0
62 -5 0
62 -40 0
62 -38 0
-63 46 21 27 53 26 0
63 -46 0
63 -21 0
63 -27 0
63 -53 0
63 -26 0
-64 10 21 36 0
64 -10 0
64 -21 0
64 -36 0
65 -55 -51 -33 -40 0
-65 55 0
-65 51 0
-65 33 0
-65 40 0
-66 57 45 33 28 0
66 -57 0
66 -45 0
66 -33 0
66 -28 0
67 -52 -12 -28 0
-67 52 0
-67 12 0
-67 28 0
-68 49 67 44 1 39 0
68 -49 0
68 -67 0
68 -44 0
68 -1 0
68 -39 0
69 -4 -23 -24 -25 -29 -32 -34 -43 -48 -50 -58 -59 -60 -61 -62 -63 -64 -65 -66 -68 0
-69 4 0
-69 23 0
-69 24 0
-69 25 0
-69 29 0
-69 32 0
-69 34 0
-69 43 0
-69 48 0
-69 50 0
-69 58 0
-69 59 0
-69 60 0
-69 61 0
-69 62 0
-69 63 0
-69 64 0
-69 65 0
-69 66 0
-69 68 0
69 0
