p cnf 88 197
-43 35 36 39 25 17 0
43 -35 0
43 -36 0
43 -39 0
43 -25 0
43 -17 0
-44 21 3 40 29 37 0
44 -21 0
44 -3 0
44 -40 0
44 -29 0
44 -37 0
45 7 0
-45 -7 0
46 -35 -18 0
-46 35 0
-46 18 0
-47 6 21 29 36 21 0
47 -6 0
47 -21 0
47 -29 0
47 -36 0
47 -21 0
-48 33 44 47 12 0
48 -33 0
48 -44 0
48 -47 0
48 -12 0
49 -14 -8 -19 0
-49 14 0
-49 8 0
-49 19 0
50 4 0
-50 -4 0
51 3 0
-51 -3 0
52 -40 -6 0
-52 40 0
-52 6 0
53 -4 -9 -2 -38 0
-53 4 0
-53 9 0
-53 2 0
-53 38 0
-54 47 32 28 0
54 -47 0
54 -32 0
54 -28 0
-55 36 13 7 0
55 -36 0
55 -13 0
55 -7 0
-56 27 45 0
56 -27 0
56 -45 0
-57 24 55 5 27 0
57 -24 0
57 -55 0
57 -5 0
57 -27 0
58 -12 -23 -57 0
-58 12 0
-58 23 0
-58 57 0
59 30 0
-59 -30 0
60 -23 -47 0
-60 23 0
-60 47 0
61 21 0
-61 -21 0
62 8 0
-62 -8 0
63 -46 -52 -17 0
-63 46 0
-63 52 0
-63 17 0
64 -17 -4 -54 -31 0
-64 17 0
-64 4 0
-64 54 0
-64 31 0
-65 59 1 8 0
65 -59 0
65 -1 0
65 -8 0
66 2 0
-66 -2 0
67 -60 -40 -55 -20 0
-67 60 0
-67 40 0
-67 55 0
-67 20 0
-68 66 28 39 0
68 -66 0
68 -28 0
68 -39 0
69 3 0
-69 -3 0
70 21 0
-70 -21 0
71 -66 -52 0
-71 66 0
-71 52 0
-72 3 33 15 5 0
72 -3 0
72 -33 0
72 -15 0
72 -5 0
73 35 0
-73 -35 0
-74 48 72 45 66 52 0
74 -48 0
74 -72 0
74 -45 0
74 -66 0
74 -52 0
-75 34 32 48 0
75 -34 0
75 -32 0
75 -48 0
76 70 0
-76 -70 0
77 -26 -43 -62 -32 -72 0
-77 26 0
-77 43 0
-77 62 0
-77 32 0
-77 72 0
78 -46 -73 -26 -6 0
-78 46 0
-78 73 0
-78 26 0
-78 6 0
79 9 0
-79 -9 0
80 5 0
-80 -5 0
-81 32 30 72 0
81 -32 0
81 -30 0
81 -72 0
82 59 0
-82 -59 0
83 -29 -5 -30 -46 -76 0
-83 29 0
-83 5 0
-83 30 0
-83 46 0
-83 76 0
84 22 0
-84 -22 0
-85 40 75 0
85 -40 0
85 -75 0
-86 75 73 0
86 -75 0
86 -73 0
87 -23 -81 -5 -42 -7 0
-87 23 0
-87 81 0
-87 5 0
-87 42 0
-87 7 0
-88 10 11 16 22 41 49 50 51 53 56 58 61 63 64 65 67 68 69 70 71 74 77 78 79 80 82 83 84 85 86 87 0
88 -10 0
88 -11 0
88 -16 0
88 -22 0
88 -41 0
88 -49 0
88 -50 0
88 -51 0
88 -53 0
88 -56 0
88 -58 0
88 -61 0
88 -63 0
88 -64 0
88 -65 0
88 -67 0
88 -68 0
88 -69 0
88 -70 0
88 -71 0
88 -74 0
88 -77 0
88 -78 0
88 -79 0
88 -80 0
88 -82 0
88 -83 0
88 -84 0
88 -85 0
88 -86 0
88 -87 0
88 0
