p cnf 49 108
-24 13 7 13 4 20 0
24 -13 0
24 -7 0
24 -13 0
24 -4 0
24 -20 0
-25 10 10 18 0
25 -10 0
25 -10 0
25 -18 0
-26 3 18 0
26 -3 0
26 -18 0
-27 2 21 0
27 -2 0
27 -21 0
28 -5 -27 -15 -15 0
-28 5 0
-28 27 0
-28 15 0
-28 15 0
-29 8 19 0
29 -8 0
29 -19 0
30 -2 -19 0
-30 2 0
-30 19 0
31 20 0
-31 -20 0
32 -4 -2 -17 -11 -7 0
-32 4 0
-32 2 0
-32 17 0
-32 11 0
-32 7 0
-33 19 23 7 0
33 -19 0
33 -23 0
33 -7 0
34 -18 -14 0
-34 18 0
-34 14 0
35 -10 -27 -30 -29 -24 0
-35 10 0
-35 27 0
-35 30 0
-35 29 0
-35 24 0
36 14 0
-36 -14 0
37 8 0
-37 -8 0
38 31 0
-38 -31 0
39 17 0
-39 -17 0
40 30 0
-40 -30 0
41 19 0
-41 -19 0
-42 29 15 10 0
42 -29 0
42 -15 0
42 -10 0
43 15 0
-43 -15 0
44 12 0
-44 -12 0
-45 17 27 28 24 0
45 -17 0
45 -27 0
45 -28 0
45 -24 0
46 29 0
-46 -29 0
47 -23 -46 -41 -18 0
-47 23 0
-47 46 0
-47 41 0
-47 18 0
48 13 0
-48 -13 0
49 -1 -6 -9 -12 -16 -22 -25 -26 -31 -32 -33 -34 -35 -36 -37 -38 -39 -40 -42 -43 -44 -45 -47 -48 0
-49 1 0
-49 6 0
-49 9 0
-49 12 0
-49 16 0
-49 22 0
-49 25 0
-49 26 0
-49 31 0
-49 32 0
-49 33 0
-49 34 0
-49 35 0
-49 36 0
-49 37 0
-49 38 0
-49 39 0
-49 40 0
-49 42 0
-49 43 0
-49 44 0
-49 45 0
-49 47 0
-49 48 0
49 0
