p cnf 68 152
33 3 0
-33 -3 0
34 -11 -33 0
-34 11 0
-34 33 0
-35 20 3 14 0
35 -20 0
35 -3 0
35 -14 0
36 2 0
-36 -2 0
-37 17 19 0
37 -17 0
37 -19 0
-38 22 31 15 29 0
38 -22 0
38 -31 0
38 -15 0
38 -29 0
39 -13 -33 -4 -15 -29 0
-39 13 0
-39 33 0
-39 4 0
-39 15 0
-39 29 0
-40 21 36 31 32 0
40 -21 0
40 -36 0
40 -31 0
40 -32 0
-41 17 33 36 0
41 -17 0
41 -33 0
41 -36 0
-42 3 1 0
42 -3 0
42 -1 0
43 21 0
-43 -21 0
44 -6 -15 -1 -6 0
-44 6 0
-44 15 0
-44 1 0
-44 6 0
-45 11 37 12 0
45 -11 0
45 -37 0
45 -12 0
-46 14 43 5 0
46 -14 0
46 -43 0
46 -5 0
-47 42 8 19 2 39 0
47 -42 0
47 -8 0
47 -19 0
47 -2 0
47 -39 0
48 11 0
-48 -11 0
49 47 0
-49 -47 0
50 -32 -41 -15 0
-50 32 0
-50 41 0
-50 15 0
51 -28 -15 -25 0
-51 28 0
-51 15 0
-51 25 0
-52 21 31 19 33 49 0
52 -21 0
52 -31 0
52 -19 0
52 -33 0
52 -49 0
53 27 0
-53 -27 0
-54 23 50 0
54 -23 0
54 -50 0
55 26 0
-55 -26 0
-56 39 54 2 40 0
56 -39 0
56 -54 0
56 -2 0
56 -40 0
57 -30 -54 -50 -9 0
-57 30 0
-57 54 0
-57 50 0
-57 9 0
58 20 0
-58 -20 0
59 45 0
-59 -45 0
60 -15 -42 -35 0
-60 15 0
-60 42 0
-60 35 0
61 -37 -52 -31 -18 -34 0
-61 37 0
-61 52 0
-61 31 0
-61 18 0
-61 34 0
-62 25 14 14 0
62 -25 0
62 -14 0
62 -14 0
63 15 0
-63 -15 0
64 -38 -46 -13 -41 -28 0
-64 38 0
-64 46 0
-64 13 0
-64 41 0
-64 28 0
65 20 0
-65 -20 0
66 65 0
-66 -65 0
67 -8 -60 0
-67 8 0
-67 60 0
68 -7 -10 -16 -24 -26 -27 -44 -45 -47 -48 -51 -53 -55 -56 -57 -58 -59 -61 -62 -63 -64 -65 -66 -67 0
-68 7 0
-68 10 0
-68 16 0
-68 24 0
-68 26 0
-68 27 0
-68 44 0
-68 45 0
-68 47 0
-68 48 0
-68 51 0
-68 53 0
-68 55 0
-68 56 0
-68 57 0
-68 58 0
-68 59 0
-68 61 0
-68 62 0
-68 63 0
-68 64 0
-68 65 0
-68 66 0
-68 67 0
68 0
