p cnf 51 113
25 2 0
-25 -2 0
26 5 0
-26 -5 0
27 6 0
-27 -6 0
28 13 0
-28 -13 0
29 25 0
-29 -25 0
30 13 0
-30 -13 0
31 28 0
-31 -28 0
-32 13 21 31 17 12 0
32 -13 0
32 -21 0
32 -31 0
32 -17 0
32 -12 0
33 -29 -25 -11 -25 -7 0
-33 29 0
-33 25 0
-33 11 0
-33 25 0
-33 7 0
34 10 0
-34 -10 0
35 -31 -4 -17 0
-35 31 0
-35 4 0
-35 17 0
-36 34 24 0
36 -34 0
36 -24 0
37 -16 -12 0
-37 16 0
-37 12 0
38 34 0
-38 -34 0
39 -27 -31 0
-39 27 0
-39 31 0
40 -14 -20 -21 -7 0
-40 14 0
-40 20 0
-40 21 0
-40 7 0
41 -5 -10 -36 -29 0
-41 5 0
-41 10 0
-41 36 0
-41 29 0
-42 11 20 13 0
42 -11 0
42 -20 0
42 -13 0
-43 29 31 14 40 0
43 -29 0
43 -31 0
43 -14 0
43 -40 0
44 -10 -25 -40 -7 0
-44 10 0
-44 25 0
-44 40 0
-44 7 0
45 7 0
-45 -7 0
-46 31 1 12 0
46 -31 0
46 -1 0
46 -12 0
47 -42 -32 -18 0
-47 42 0
-47 32 0
-47 18 0
48 47 0
-48 -47 0
-49 8 24 1 22 34 0
49 -8 0
49 -24 0
49 -1 0
49 -22 0
49 -34 0
50 12 0
-50 -12 0
51 -2 -3 -6 -9 -15 -19 -23 -26 -28 -30 -33 -35 -37 -38 -39 -41 -43 -44 -45 -46 -47 -48 -49 -50 0
-51 2 0
-51 3 0
-51 6 0
-51 9 0
-51 15 0
-51 19 0
-51 23 0
-51 26 0
-51 28 0
-51 30 0
-51 33 0
-51 35 0
-51 37 0
-51 38 0
-51 39 0
-51 41 0
-51 43 0
-51 44 0
-51 45 0
-51 46 0
-51 47 0
-51 48 0
-51 49 0
-51 50 0
51 0
