p cnf 43 95
-22 13 10 19 0
22 -13 0
22 -10 0
22 -19 0
23 16 0
-23 -16 0
-24 17 10 0
24 -17 0
24 -10 0
-25 21 3 5 0
25 -21 0
25 -3 0
25 -5 0
26 -16 -2 -13 0
-26 16 0
-26 2 0
-26 13 0
27 -24 -9 -1 0
-27 24 0
-27 9 0
-27 1 0
28 -2 -8 -3 -1 0
-28 2 0
-28 8 0
-28 3 0
-28 1 0
29 15 0
-29 -15 0
30 3 0
-30 -3 0
-31 7 13 27 18 0
31 -7 0
31 -13 0
31 -27 0
31 -18 0
-32 5 13 4 27 8 0
32 -5 0
32 -13 0
32 -4 0
32 -27 0
32 -8 0
-33 2 8 0
33 -2 0
33 -8 0
-34 22 11 23 24 6 0
34 -22 0
34 -11 0
34 -23 0
34 -24 0
34 -6 0
35 -22 -16 -29 -11 0
-35 22 0
-35 16 0
-35 29 0
-35 11 0
-36 26 16 7 0
36 -26 0
36 -16 0
36 -7 0
37 15 0
-37 -15 0
38 -2 -32 -36 -34 0
-38 2 0
-38 32 0
-38 36 0
-38 34 0
39 -37 -37 0
-39 37 0
-39 37 0
-40 34 35 1 11 5 0
40 -34 0
40 -35 0
40 -1 0
40 -11 0
40 -5 0
41 18 0
-41 -18 0
42 19 0
-42 -19 0
-43 12 14 15 20 25 28 30 31 33 38 39 40 41 42 0
43 -12 0
43 -14 0
43 -15 0
43 -20 0
43 -25 0
43 -28 0
43 -30 0
43 -31 0
43 -33 0
43 -38 0
43 -39 0
43 -40 0
43 -41 0
43 -42 0
43 0
