Vivado Simulator v2023.1
Copyright 1986-2022 Xilinx, Inc. All Rights Reserved.
Copyright 2022-2023 Advanced Micro Devices, Inc. All Rights Reserved.
Running: C:/Xilinx/Vivado/2023.1/bin/unwrapped/win64.o/xelab.exe --incr --debug typical --relax --mt 2 -L xil_defaultlib -L util_vector_logic_v2_0_2 -L unisims_ver -L unimacro_ver -L secureip -L xpm --snapshot sim_N2_behav xil_defaultlib.sim_N2 xil_defaultlib.glbl -log elaborate.log 
Using 2 slave threads.
Starting static elaboration
Pass Through NonSizing Optimizer
Completed static elaboration
Starting simulation data flow analysis
Completed simulation data flow analysis
Time Resolution for simulation is 1ps
Compiling module util_vector_logic_v2_0_2.util_vector_logic_v2_0_2_util_ve...
Compiling module xil_defaultlib.design_1_util_vector_logic_0_0
Compiling module util_vector_logic_v2_0_2.util_vector_logic_v2_0_2_util_ve...
Compiling module xil_defaultlib.design_1_util_vector_logic_1_0
Compiling module xil_defaultlib.design_1
Compiling module xil_defaultlib.design_1_wrapper
Compiling module xil_defaultlib.sim_N2
Compiling module xil_defaultlib.glbl
Built simulation snapshot sim_N2_behav
