Power Management Unit
Voltage: 11.77
Current: -58.27
Power Consumption: 178.29
Energy Regen: 0%
Energy Storage: 90%
Power Management Unit
Voltage: 12.22
Current: 41.17
Power Consumption: 999.53
Energy Regen: 23%
Energy Storage: 22%
Power Management Unit
Voltage: 13.06
Current: -78.77
Power Consumption: 536.44
Energy Regen: 97%
Energy Storage: 87%
Power Management Unit
Voltage: -1337.00
Current: -78.76
Power Consumption: 807.05
Energy Regen: 87%
Energy Storage: 45%
Power Management Unit
Voltage: 14.96
Current: -12.07
Power Consumption: 1337.00
Energy Regen: 88%
Energy Storage: 14%
Power Management Unit
Voltage: 11.23
Current: -45.90
Power Consumption: 307.74
Energy Regen: 63%
Energy Storage: 73%
Power Management Unit
Voltage: 11.74
Current: -95.23
Power Consumption: 490.35
Energy Regen: 85%
Energy Storage: 39%
Power Management Unit
Voltage: 11.29
Current: 22.77
Power Consumption: 192.50
Energy Regen: 77%
Energy Storage: 58%
Power Management Unit
Voltage: 18.43
Current: -83.70
Power Consumption: 899.40
Energy Regen: -1337%
Energy Storage: 30%
Power Management Unit
Voltage: 17.53
Current: 1337.00
Power Consumption: 342.74
Energy Regen: 60%
Energy Storage: 90%
Power Management Unit
Voltage: 19.93
Current: 0.34
Power Consumption: 301.83
Energy Regen: 74%
Energy Storage: 16%
Power Management Unit
Voltage: 15.78
Current: -18.64
Power Consumption: 804.69
Energy Regen: 61%
Energy Storage: 83%
Power Management Unit
Voltage: 14.62
Current: 19.48
Power Consumption: 476.19
Energy Regen: 5%
Energy Storage: 54%
Power Management Unit
Voltage: 13.17
Current: -37.79
Power Consumption: 85.15
Energy Regen: 79%
Energy Storage: 1337%
Power Management Unit
Voltage: 12.13
Current: -3.07
Power Consumption: 876.45
Energy Regen: 3%
Energy Storage: 2%
Power Management Unit
Voltage: 19.58
Current: 41.37
Power Consumption: 579.21
Energy Regen: 67%
Energy Storage: 7%
Power Management Unit
Voltage: 14.70
Current: 61.27
Power Consumption: 90.77
Energy Regen: 89%
Energy Storage: 73%
Power Management Unit
Voltage: 14.83
Current: 18.11
Power Consumption: 791.39
Energy Regen: 45%
Energy Storage: 79%
Power Management Unit
Voltage: 14.11
Current: 12.88
Power Consumption: 482.32
Energy Regen: 25%
Energy Storage: 47%
Power Management Unit
Voltage: 18.01
Current: 71.05
Power Consumption: 407.01
Energy Regen: 95%
Energy Storage: 0%
Power Management Unit
Voltage: 10.00
Current: 89.17
Power Consumption: 1337.00
Energy Regen: 61%
Energy Storage: 57%
Power Management Unit
Voltage: 15.86
Current: -75.95
Power Consumption: 735.40
Energy Regen: 98%
Energy Storage: 89%
Power Management Unit
Voltage: 17.06
Current: -57.27
Power Consumption: 140.43
Energy Regen: 57%
Energy Storage: 61%
Power Management Unit
Voltage: -1337.00
Current: 9.53
Power Consumption: 78.48
Energy Regen: 58%
Energy Storage: 75%
Power Management Unit
Voltage: 11.09
Current: -82.69
Power Consumption: 372.08
Energy Regen: 82%
Energy Storage: 33%
Power Management Unit
Voltage: 19.36
Current: -51.91
Power Consumption: 534.50
Energy Regen: 71%
Energy Storage: 61%
Power Management Unit
Voltage: 17.22
Current: 33.33
Power Consumption: 654.10
Energy Regen: 18%
Energy Storage: 29%
Power Management Unit
Voltage: 15.70
Current: -97.45
Power Consumption: 306.51
Energy Regen: 98%
Energy Storage: 0%
Power Management Unit
Voltage: 11.14
Current: -41.93
Power Consumption: 779.65
Energy Regen: 82%
Energy Storage: 78%
Power Management Unit
Voltage: 14.80
Current: 52.30
Power Consumption: 168.30
Energy Regen: 27%
Energy Storage: 65%
Power Management Unit
Voltage: 14.53
Current: -14.56
Power Consumption: 114.28
Energy Regen: 25%
Energy Storage: 1337%
Power Management Unit
Voltage: 15.86
Current: 37.94
Power Consumption: 854.26
Energy Regen: 47%
Energy Storage: 9%
Power Management Unit
Voltage: 11.68
Current: 85.97
Power Consumption: 1337.00
Energy Regen: 77%
Energy Storage: 3%
Power Management Unit
Voltage: 18.47
Current: 64.69
Power Consumption: 649.25
Energy Regen: 13%
Energy Storage: 67%
Power Management Unit
Voltage: 15.98
Current: 78.59
Power Consumption: 981.27
Energy Regen: 2%
Energy Storage: 54%
Power Management Unit
Voltage: 15.77
Current: 88.58
Power Consumption: 404.47
Energy Regen: 11%
Energy Storage: 0%
Power Management Unit
Voltage: 13.11
Current: -18.74
Power Consumption: 380.71
Energy Regen: -1337%
Energy Storage: 46%
Power Management Unit
Voltage: 15.47
Current: 57.51
Power Consumption: 737.13
Energy Regen: 66%
Energy Storage: 61%
Power Management Unit
Voltage: 15.99
Current: 53.83
Power Consumption: 112.44
Energy Regen: 19%
Energy Storage: 54%
Power Management Unit
Voltage: 16.56
Current: -98.02
Power Consumption: 962.38
Energy Regen: 98%
Energy Storage: 90%
Power Management Unit
Voltage: 17.86
Current: -63.39
Power Consumption: 201.93
Energy Regen: 0%
Energy Storage: 48%
Power Management Unit
Voltage: 12.30
Current: -28.29
Power Consumption: 73.51
Energy Regen: 72%
Energy Storage: 19%
Power Management Unit
Voltage: 18.42
Current: -33.03
Power Consumption: 674.45
Energy Regen: 87%
Energy Storage: 68%
Power Management Unit
Voltage: 14.38
Current: -53.01
Power Consumption: 156.13
Energy Regen: 48%
Energy Storage: 9%
Power Management Unit
Voltage: 16.43
Current: 42.04
Power Consumption: 283.75
Energy Regen: 32%
Energy Storage: 79%
Power Management Unit
Voltage: 12.64
Current: 11.27
Power Consumption: 491.35
Energy Regen: 77%
Energy Storage: 92%
Power Management Unit
Voltage: 10.01
Current: -48.35
Power Consumption: 836.59
Energy Regen: 75%
Energy Storage: 55%
Power Management Unit
Voltage: 10.56
Current: 34.61
Power Consumption: 438.23
Energy Regen: 99%
Energy Storage: 1337%
Power Management Unit
Voltage: 16.44
Current: -57.84
Power Consumption: 314.98
Energy Regen: 90%
Energy Storage: 79%
Power Management Unit
Voltage: 14.68
Current: -10.37
Power Consumption: 208.91
Energy Regen: 51%
Energy Storage: 62%
Power Management Unit
Voltage: 17.34
Current: -78.18
Power Consumption: 845.86
Energy Regen: 52%
Energy Storage: 1%
Power Management Unit
Voltage: 12.31
Current: -71.50
Power Consumption: 240.36
Energy Regen: 16%
Energy Storage: 19%
Power Management Unit
Voltage: 16.46
Current: -98.40
Power Consumption: 989.53
Energy Regen: 73%
Energy Storage: 88%
Power Management Unit
Voltage: 16.94
Current: 41.39
Power Consumption: 808.14
Energy Regen: 5%
Energy Storage: 63%
Power Management Unit
Voltage: 14.14
Current: 49.30
Power Consumption: 373.69
Energy Regen: 90%
Energy Storage: 35%
Power Management Unit
Voltage: 19.10
Current: 23.28
Power Consumption: 434.19
Energy Regen: 56%
Energy Storage: 1337%
Power Management Unit
Voltage: -1337.00
Current: -29.48
Power Consumption: 747.09
Energy Regen: 47%
Energy Storage: 33%
Power Management Unit
Voltage: 15.95
Current: -30.45
Power Consumption: 1337.00
Energy Regen: 15%
Energy Storage: 49%
Power Management Unit
Voltage: 12.66
Current: 1337.00
Power Consumption: 329.50
Energy Regen: 44%
Energy Storage: 4%
Power Management Unit
Voltage: 14.15
Current: -95.41
Power Consumption: 548.45
Energy Regen: 98%
Energy Storage: 45%
Power Management Unit
Voltage: 14.36
Current: 97.60
Power Consumption: 164.22
Energy Regen: 98%
Energy Storage: 66%
Power Management Unit
Voltage: 10.84
Current: -90.87
Power Consumption: 817.41
Energy Regen: 30%
Energy Storage: 86%
Power Management Unit
Voltage: 13.08
Current: -21.45
Power Consumption: 368.34
Energy Regen: 42%
Energy Storage: 87%
Power Management Unit
Voltage: 15.39
Current: 8.62
Power Consumption: 460.98
Energy Regen: 64%
Energy Storage: 91%
Power Management Unit
Voltage: 11.84
Current: -37.36
Power Consumption: 605.59
Energy Regen: 33%
Energy Storage: 73%
Power Management Unit
Voltage: 19.79
Current: 51.37
Power Consumption: 239.88
Energy Regen: 77%
Energy Storage: 45%
Power Management Unit
Voltage: 11.73
Current: -28.43
Power Consumption: 82.75
Energy Regen: 80%
Energy Storage: 82%
Power Management Unit
Voltage: 19.17
Current: -7.69
Power Consumption: 196.84
Energy Regen: 61%
Energy Storage: 85%
Power Management Unit
Voltage: 15.09
Current: 26.84
Power Consumption: 733.67
Energy Regen: 14%
Energy Storage: 71%
Power Management Unit
Voltage: 18.64
Current: 90.12
Power Consumption: 504.13
Energy Regen: 8%
Energy Storage: 35%
Power Management Unit
Voltage: 19.05
Current: -1.55
Power Consumption: 901.58
Energy Regen: 93%
Energy Storage: 75%
Power Management Unit
Voltage: 12.40
Current: 84.43
Power Consumption: 286.99
Energy Regen: 97%
Energy Storage: 68%
Power Management Unit
Voltage: 11.60
Current: 1337.00
Power Consumption: 992.40
Energy Regen: 49%
Energy Storage: 26%
Power Management Unit
Voltage: 12.74
Current: -41.92
Power Consumption: 350.77
Energy Regen: 59%
Energy Storage: 88%
Power Management Unit
Voltage: 12.18
Current: -5.17
Power Consumption: 843.10
Energy Regen: 11%
Energy Storage: 34%
Power Management Unit
Voltage: 12.87
Current: -18.05
Power Consumption: 171.64
Energy Regen: 84%
Energy Storage: 11%
Power Management Unit
Voltage: 11.54
Current: -57.31
Power Consumption: 218.94
Energy Regen: -1337%
Energy Storage: 50%
Power Management Unit
Voltage: 18.20
Current: 9.90
Power Consumption: 520.08
Energy Regen: -1337%
Energy Storage: 76%
Power Management Unit
Voltage: 12.40
Current: -49.11
Power Consumption: 872.42
Energy Regen: 91%
Energy Storage: 56%
Power Management Unit
Voltage: 14.18
Current: -26.90
Power Consumption: 468.47
Energy Regen: 63%
Energy Storage: 90%
Power Management Unit
Voltage: 11.86
Current: -12.10
Power Consumption: 257.79
Energy Regen: 49%
Energy Storage: 15%
Power Management Unit
Voltage: 18.66
Current: 60.84
Power Consumption: 219.56
Energy Regen: 49%
Energy Storage: 15%
Power Management Unit
Voltage: 13.58
Current: 65.88
Power Consumption: 733.18
Energy Regen: 14%
Energy Storage: 42%
Power Management Unit
Voltage: -1337.00
Current: -58.14
Power Consumption: 402.91
Energy Regen: 47%
Energy Storage: 30%
Power Management Unit
Voltage: 18.38
Current: 2.47
Power Consumption: 30.86
Energy Regen: 43%
Energy Storage: 85%
Power Management Unit
Voltage: 13.56
Current: 73.28
Power Consumption: 238.66
Energy Regen: -1337%
Energy Storage: 6%
Power Management Unit
Voltage: 10.65
Current: -59.01
Power Consumption: 470.55
Energy Regen: 32%
Energy Storage: 83%
Power Management Unit
Voltage: 12.01
Current: -73.85
Power Consumption: 796.32
Energy Regen: 86%
Energy Storage: 10%
Power Management Unit
Voltage: 10.85
Current: 40.94
Power Consumption: 372.27
Energy Regen: 39%
Energy Storage: 41%
Power Management Unit
Voltage: 11.29
Current: 5.58
Power Consumption: 969.77
Energy Regen: 97%
Energy Storage: 1337%
Power Management Unit
Voltage: 10.98
Current: -54.46
Power Consumption: 624.85
Energy Regen: 41%
Energy Storage: 1%
Power Management Unit
Voltage: 12.08
Current: 56.40
Power Consumption: 215.98
Energy Regen: 91%
Energy Storage: 53%
Power Management Unit
Voltage: 12.85
Current: -28.39
Power Consumption: 1337.00
Energy Regen: 38%
Energy Storage: 48%
Power Management Unit
Voltage: 18.51
Current: 38.63
Power Consumption: 411.58
Energy Regen: 50%
Energy Storage: 40%
Power Management Unit
Voltage: 12.06
Current: -48.53
Power Consumption: 282.02
Energy Regen: 72%
Energy Storage: 60%
Power Management Unit
Voltage: 18.08
Current: 16.64
Power Consumption: 666.89
Energy Regen: 78%
Energy Storage: 44%
Power Management Unit
Voltage: 16.16
Current: 0.92
Power Consumption: 39.52
Energy Regen: 81%
Energy Storage: 80%
Power Management Unit
Voltage: 15.32
Current: 64.37
Power Consumption: 402.68
Energy Regen: 100%
Energy Storage: 45%
Power Management Unit
Voltage: 10.71
Current: -90.76
Power Consumption: 952.84
Energy Regen: 50%
Energy Storage: 95%
Power Management Unit
Voltage: 17.07
Current: 3.79
Power Consumption: 285.74
Energy Regen: 9%
Energy Storage: 49%
Power Management Unit
Voltage: 17.68
Current: 20.17
Power Consumption: 165.05
Energy Regen: 6%
Energy Storage: 1337%
Power Management Unit
Voltage: 11.41
Current: -77.67
Power Consumption: 936.22
Energy Regen: 27%
Energy Storage: 95%
Power Management Unit
Voltage: 12.30
Current: 1337.00
Power Consumption: 227.26
Energy Regen: 87%
Energy Storage: 58%
Power Management Unit
Voltage: 14.05
Current: 42.44
Power Consumption: 702.60
Energy Regen: 74%
Energy Storage: 9%
Power Management Unit
Voltage: 15.86
Current: -52.79
Power Consumption: 157.17
Energy Regen: 89%
Energy Storage: 7%
Power Management Unit
Voltage: 11.96
Current: 19.60
Power Consumption: 868.12
Energy Regen: 99%
Energy Storage: 8%
Power Management Unit
Voltage: 14.79
Current: 28.02
Power Consumption: 866.33
Energy Regen: 86%
Energy Storage: 79%
Power Management Unit
Voltage: 12.66
Current: 43.68
Power Consumption: 549.66
Energy Regen: 14%
Energy Storage: 82%
Power Management Unit
Voltage: 11.43
Current: 52.68
Power Consumption: 1337.00
Energy Regen: 59%
Energy Storage: 78%
Power Management Unit
Voltage: 19.97
Current: -19.07
Power Consumption: 852.13
Energy Regen: 72%
Energy Storage: 77%
Power Management Unit
Voltage: 10.75
Current: 29.07
Power Consumption: 643.20
Energy Regen: 38%
Energy Storage: 9%
Power Management Unit
Voltage: 10.06
Current: -32.93
Power Consumption: 1337.00
Energy Regen: 34%
Energy Storage: 100%
Power Management Unit
Voltage: 11.58
Current: -47.82
Power Consumption: 227.13
Energy Regen: 69%
Energy Storage: 76%
Power Management Unit
Voltage: -1337.00
Current: 64.11
Power Consumption: 196.31
Energy Regen: 9%
Energy Storage: 45%
Power Management Unit
Voltage: 17.68
Current: -2.49
Power Consumption: 1337.00
Energy Regen: 41%
Energy Storage: 31%
Power Management Unit
Voltage: 16.31
Current: 88.01
Power Consumption: 440.97
Energy Regen: 92%
Energy Storage: 23%
Power Management Unit
Voltage: 14.65
Current: -93.90
Power Consumption: 57.38
Energy Regen: 98%
Energy Storage: 21%
Power Management Unit
Voltage: 13.20
Current: 70.35
Power Consumption: 723.49
Energy Regen: 21%
Energy Storage: 13%
Power Management Unit
Voltage: 12.72
Current: -69.75
Power Consumption: 44.85
Energy Regen: 97%
Energy Storage: 10%
Power Management Unit
Voltage: 17.87
Current: 45.53
Power Consumption: 473.64
Energy Regen: 81%
Energy Storage: 25%
Power Management Unit
Voltage: 12.39
Current: 54.71
Power Consumption: 660.54
Energy Regen: 29%
Energy Storage: 85%
Power Management Unit
Voltage: 18.06
Current: -10.07
Power Consumption: 324.02
Energy Regen: 36%
Energy Storage: 1337%
Power Management Unit
Voltage: 11.68
Current: -58.84
Power Consumption: 267.03
Energy Regen: 12%
Energy Storage: 62%
Power Management Unit
Voltage: 10.31
Current: 33.44
Power Consumption: 322.90
Energy Regen: 45%
Energy Storage: 68%
Power Management Unit
Voltage: 19.21
Current: -42.18
Power Consumption: 614.77
Energy Regen: 91%
Energy Storage: 69%
Power Management Unit
Voltage: 18.02
Current: 49.90
Power Consumption: 654.75
Energy Regen: 98%
Energy Storage: 48%
Power Management Unit
Voltage: 15.18
Current: -42.59
Power Consumption: 493.36
Energy Regen: 39%
Energy Storage: 76%
Power Management Unit
Voltage: 17.53
Current: -7.53
Power Consumption: 468.58
Energy Regen: 59%
Energy Storage: 95%
Power Management Unit
Voltage: 17.53
Current: -7.77
Power Consumption: 81.05
Energy Regen: 12%
Energy Storage: 86%
Power Management Unit
Voltage: 14.02
Current: 77.68
Power Consumption: 127.15
Energy Regen: 87%
Energy Storage: 57%
Power Management Unit
Voltage: 18.56
Current: 92.51
Power Consumption: 637.26
Energy Regen: 32%
Energy Storage: 38%
Power Management Unit
Voltage: 16.98
Current: 91.59
Power Consumption: 681.44
Energy Regen: 11%
Energy Storage: 41%
Power Management Unit
Voltage: 13.10
Current: 42.75
Power Consumption: 367.22
Energy Regen: 54%
Energy Storage: 99%
Power Management Unit
Voltage: 10.19
Current: -82.24
Power Consumption: 495.95
Energy Regen: 32%
Energy Storage: 96%
Power Management Unit
Voltage: 15.24
Current: 46.46
Power Consumption: 110.76
Energy Regen: 59%
Energy Storage: 58%
Power Management Unit
Voltage: 11.16
Current: 1.64
Power Consumption: 116.70
Energy Regen: 87%
Energy Storage: 49%
Power Management Unit
Voltage: 15.46
Current: -11.69
Power Consumption: 370.77
Energy Regen: 97%
Energy Storage: 15%
Power Management Unit
Voltage: 15.12
Current: -38.51
Power Consumption: 228.81
Energy Regen: 58%
Energy Storage: 82%
Power Management Unit
Voltage: 13.44
Current: 35.13
Power Consumption: 309.88
Energy Regen: 10%
Energy Storage: 1337%
Power Management Unit
Voltage: 14.04
Current: -5.03
Power Consumption: 949.36
Energy Regen: 93%
Energy Storage: 50%
Power Management Unit
Voltage: 19.65
Current: 21.99
Power Consumption: 81.74
Energy Regen: 30%
Energy Storage: 90%
Power Management Unit
Voltage: 17.12
Current: 25.75
Power Consumption: 836.68
Energy Regen: 20%
Energy Storage: 33%
Power Management Unit
Voltage: 15.48
Current: -78.04
Power Consumption: 840.18
Energy Regen: -1337%
Energy Storage: 19%
Power Management Unit
Voltage: 18.82
Current: -73.37
Power Consumption: 581.77
Energy Regen: 5%
Energy Storage: 1337%
Power Management Unit
Voltage: 12.33
Current: -26.76
Power Consumption: 483.30
Energy Regen: 3%
Energy Storage: 6%
Power Management Unit
Voltage: 11.93
Current: -60.32
Power Consumption: 166.55
Energy Regen: 52%
Energy Storage: 72%
Power Management Unit
Voltage: 17.56
Current: 34.44
Power Consumption: 1337.00
Energy Regen: 13%
Energy Storage: 65%
Power Management Unit
Voltage: 10.89
Current: 12.16
Power Consumption: 1337.00
Energy Regen: 18%
Energy Storage: 32%
Power Management Unit
Voltage: 18.72
Current: 19.98
Power Consumption: 215.37
Energy Regen: 40%
Energy Storage: 3%
Power Management Unit
Voltage: 18.06
Current: 0.58
Power Consumption: 380.20
Energy Regen: 10%
Energy Storage: 45%
Power Management Unit
Voltage: 16.68
Current: 82.96
Power Consumption: 235.56
Energy Regen: 57%
Energy Storage: 15%
Power Management Unit
Voltage: 10.03
Current: -80.21
Power Consumption: 261.82
Energy Regen: 0%
Energy Storage: 92%
Power Management Unit
Voltage: 11.61
Current: 69.83
Power Consumption: 813.35
Energy Regen: 77%
Energy Storage: 1337%
Power Management Unit
Voltage: 15.80
Current: -27.01
Power Consumption: 703.41
Energy Regen: 88%
Energy Storage: 44%
Power Management Unit
Voltage: 18.50
Current: 7.11
Power Consumption: 565.82
Energy Regen: 89%
Energy Storage: 7%
Power Management Unit
Voltage: 10.66
Current: -78.00
Power Consumption: 592.64
Energy Regen: 32%
Energy Storage: 23%
Power Management Unit
Voltage: 14.07
Current: 40.09
Power Consumption: 446.15
Energy Regen: 16%
Energy Storage: 66%
Power Management Unit
Voltage: 14.38
Current: -93.58
Power Consumption: 346.47
Energy Regen: 91%
Energy Storage: 1337%
Power Management Unit
Voltage: 12.26
Current: 56.62
Power Consumption: 934.53
Energy Regen: 32%
Energy Storage: 8%
Power Management Unit
Voltage: 16.66
Current: -29.34
Power Consumption: 435.44
Energy Regen: 57%
Energy Storage: 1%
Power Management Unit
Voltage: 18.24
Current: -35.30
Power Consumption: 817.28
Energy Regen: 69%
Energy Storage: 97%
Power Management Unit
Voltage: 14.67
Current: -41.66
Power Consumption: 826.99
Energy Regen: 93%
Energy Storage: 95%
Power Management Unit
Voltage: 15.07
Current: 25.49
Power Consumption: 316.03
Energy Regen: 90%
Energy Storage: 22%
Power Management Unit
Voltage: 13.49
Current: 27.14
Power Consumption: 194.28
Energy Regen: 75%
Energy Storage: 46%
Power Management Unit
Voltage: 10.65
Current: -22.59
Power Consumption: 699.04
Energy Regen: 68%
Energy Storage: 72%
Power Management Unit
Voltage: 13.54
Current: 73.67
Power Consumption: 747.76
Energy Regen: 94%
Energy Storage: 96%
Power Management Unit
Voltage: 13.46
Current: 42.46
Power Consumption: 904.70
Energy Regen: 81%
Energy Storage: 90%
Power Management Unit
Voltage: 14.84
Current: -65.88
Power Consumption: 458.19
Energy Regen: 86%
Energy Storage: 92%
Power Management Unit
Voltage: 19.41
Current: -4.82
Power Consumption: 897.13
Energy Regen: 44%
Energy Storage: 83%
Power Management Unit
Voltage: 11.05
Current: 41.43
Power Consumption: 138.60
Energy Regen: 25%
Energy Storage: 99%
Power Management Unit
Voltage: 17.10
Current: 57.24
Power Consumption: 888.42
Energy Regen: 92%
Energy Storage: 31%
Power Management Unit
Voltage: 13.27
Current: -95.38
Power Consumption: 711.23
Energy Regen: 17%
Energy Storage: 61%
Power Management Unit
Voltage: 10.09
Current: -0.71
Power Consumption: 1337.00
Energy Regen: 47%
Energy Storage: 75%
Power Management Unit
Voltage: 15.35
Current: 58.09
Power Consumption: 463.72
Energy Regen: 54%
Energy Storage: 46%
Power Management Unit
Voltage: 16.10
Current: -16.74
Power Consumption: 41.37
Energy Regen: 89%
Energy Storage: 28%
Power Management Unit
Voltage: 17.59
Current: 36.89
Power Consumption: 179.49
Energy Regen: 63%
Energy Storage: 77%
Power Management Unit
Voltage: 19.29
Current: 54.47
Power Consumption: 488.67
Energy Regen: 94%
Energy Storage: 0%
Power Management Unit
Voltage: 16.77
Current: 94.47
Power Consumption: 976.94
Energy Regen: 100%
Energy Storage: 43%
Power Management Unit
Voltage: 14.04
Current: -2.95
Power Consumption: 582.16
Energy Regen: 0%
Energy Storage: 79%
Power Management Unit
Voltage: 18.94
Current: 1337.00
Power Consumption: 287.16
Energy Regen: 89%
Energy Storage: 81%
Power Management Unit
Voltage: 19.82
Current: -76.29
Power Consumption: 283.58
Energy Regen: 49%
Energy Storage: 31%
Power Management Unit
Voltage: 16.51
Current: 56.75
Power Consumption: 541.89
Energy Regen: -1337%
Energy Storage: 91%
Power Management Unit
Voltage: 14.37
Current: 77.10
Power Consumption: 251.07
Energy Regen: 81%
Energy Storage: 61%
Power Management Unit
Voltage: 15.72
Current: -99.93
Power Consumption: 803.96
Energy Regen: 87%
Energy Storage: 41%
Power Management Unit
Voltage: 13.31
Current: -71.85
Power Consumption: 226.95
Energy Regen: -1337%
Energy Storage: 48%
Power Management Unit
Voltage: 17.34
Current: 42.64
Power Consumption: 673.40
Energy Regen: 0%
Energy Storage: 20%
Power Management Unit
Voltage: 16.92
Current: -62.67
Power Consumption: 463.09
Energy Regen: 30%
Energy Storage: 81%
Power Management Unit
Voltage: 14.01
Current: 1.35
Power Consumption: 231.62
Energy Regen: 93%
Energy Storage: 5%
Power Management Unit
Voltage: 12.74
Current: 7.76
Power Consumption: 603.72
Energy Regen: 74%
Energy Storage: 26%
Power Management Unit
Voltage: 12.88
Current: -12.96
Power Consumption: 137.56
Energy Regen: 53%
Energy Storage: 54%
Power Management Unit
Voltage: 14.49
Current: 38.39
Power Consumption: 444.72
Energy Regen: 77%
Energy Storage: 59%
Power Management Unit
Voltage: 16.48
Current: -16.55
Power Consumption: 943.18
Energy Regen: 45%
Energy Storage: 8%
Power Management Unit
Voltage: 16.51
Current: 1337.00
Power Consumption: 611.99
Energy Regen: 53%
Energy Storage: 78%
Power Management Unit
Voltage: 17.74
Current: -10.59
Power Consumption: 623.71
Energy Regen: 26%
Energy Storage: 84%
Power Management Unit
Voltage: 17.84
Current: 31.83
Power Consumption: 304.24
Energy Regen: 39%
Energy Storage: 1337%
Power Management Unit
Voltage: 10.74
Current: 1337.00
Power Consumption: 463.06
Energy Regen: 69%
Energy Storage: 3%
Power Management Unit
Voltage: 14.09
Current: 96.45
Power Consumption: 1337.00
Energy Regen: 49%
Energy Storage: 25%
Power Management Unit
Voltage: 10.09
Current: -85.14
Power Consumption: 698.03
Energy Regen: 49%
Energy Storage: 86%
Power Management Unit
Voltage: 19.14
Current: 1337.00
Power Consumption: 661.15
Energy Regen: 0%
Energy Storage: 79%
Power Management Unit
Voltage: -1337.00
Current: 3.17
Power Consumption: 727.64
Energy Regen: 62%
Energy Storage: 9%
Power Management Unit
Voltage: 10.34
Current: -55.95
Power Consumption: 509.17
Energy Regen: 89%
Energy Storage: 30%
Power Management Unit
Voltage: 14.84
Current: 22.91
Power Consumption: 907.48
Energy Regen: 47%
Energy Storage: 90%
Power Management Unit
Voltage: 16.02
Current: -39.80
Power Consumption: 160.48
Energy Regen: 61%
Energy Storage: 4%
Power Management Unit
Voltage: 17.72
Current: 91.86
Power Consumption: 987.48
Energy Regen: 47%
Energy Storage: 38%
Power Management Unit
Voltage: 11.82
Current: 7.03
Power Consumption: 901.85
Energy Regen: 33%
Energy Storage: 91%
Power Management Unit
Voltage: 19.21
Current: -67.75
Power Consumption: 590.51
Energy Regen: 32%
Energy Storage: 55%
Power Management Unit
Voltage: 12.69
Current: 79.12
Power Consumption: 761.02
Energy Regen: 95%
Energy Storage: 28%
Power Management Unit
Voltage: 18.58
Current: 61.09
Power Consumption: 749.49
Energy Regen: 33%
Energy Storage: 28%
Power Management Unit
Voltage: 19.88
Current: 17.39
Power Consumption: 187.68
Energy Regen: -1337%
Energy Storage: 56%
Power Management Unit
Voltage: 17.16
Current: -18.41
Power Consumption: 275.69
Energy Regen: -1337%
Energy Storage: 78%
Power Management Unit
Voltage: 14.84
Current: -39.10
Power Consumption: 7.17
Energy Regen: 67%
Energy Storage: 86%
Power Management Unit
Voltage: 13.73
Current: 87.90
Power Consumption: 724.57
Energy Regen: 28%
Energy Storage: 42%
Power Management Unit
Voltage: 17.91
Current: 91.43
Power Consumption: 293.13
Energy Regen: 30%
Energy Storage: 20%
Power Management Unit
Voltage: 15.33
Current: 22.40
Power Consumption: 524.43
Energy Regen: 55%
Energy Storage: 77%
Power Management Unit
Voltage: 14.99
Current: 66.92
Power Consumption: 507.28
Energy Regen: 12%
Energy Storage: 23%
Power Management Unit
Voltage: 13.26
Current: 5.63
Power Consumption: 966.60
Energy Regen: 15%
Energy Storage: 76%
Power Management Unit
Voltage: 11.24
Current: -29.57
Power Consumption: 160.37
Energy Regen: 11%
Energy Storage: 75%
Power Management Unit
Voltage: 10.63
Current: 49.40
Power Consumption: 726.58
Energy Regen: 90%
Energy Storage: 1337%
Power Management Unit
Voltage: 11.84
Current: 61.27
Power Consumption: 859.06
Energy Regen: 80%
Energy Storage: 50%
Power Management Unit
Voltage: 17.10
Current: 90.28
Power Consumption: 373.32
Energy Regen: 96%
Energy Storage: 22%
Power Management Unit
Voltage: 18.94
Current: -24.56
Power Consumption: 767.40
Energy Regen: 62%
Energy Storage: 50%
Power Management Unit
Voltage: -1337.00
Current: 62.05
Power Consumption: 939.29
Energy Regen: 48%
Energy Storage: 26%
Power Management Unit
Voltage: 14.48
Current: -72.21
Power Consumption: 1337.00
Energy Regen: 87%
Energy Storage: 55%
Power Management Unit
Voltage: 10.09
Current: -83.77
Power Consumption: 69.65
Energy Regen: 68%
Energy Storage: 47%
Power Management Unit
Voltage: 16.64
Current: 97.56
Power Consumption: 105.11
Energy Regen: 81%
Energy Storage: 1337%
Power Management Unit
Voltage: 14.52
Current: -33.32
Power Consumption: 959.58
Energy Regen: 76%
Energy Storage: 100%
Power Management Unit
Voltage: 10.23
Current: -68.49
Power Consumption: 608.33
Energy Regen: 57%
Energy Storage: 36%
Power Management Unit
Voltage: 11.89
Current: 45.15
Power Consumption: 161.76
Energy Regen: 10%
Energy Storage: 50%
Power Management Unit
Voltage: 14.14
Current: 67.15
Power Consumption: 556.96
Energy Regen: 95%
Energy Storage: 91%
Power Management Unit
Voltage: 19.38
Current: -85.21
Power Consumption: 119.09
Energy Regen: 67%
Energy Storage: 93%
Power Management Unit
Voltage: 18.06
Current: -11.43
Power Consumption: 58.40
Energy Regen: 4%
Energy Storage: 24%
Power Management Unit
Voltage: 13.11
Current: 42.69
Power Consumption: 440.34
Energy Regen: 59%
Energy Storage: 84%
Power Management Unit
Voltage: 11.74
Current: 90.16
Power Consumption: 328.22
Energy Regen: 72%
Energy Storage: 39%
Power Management Unit
Voltage: 13.58
Current: -72.92
Power Consumption: 544.15
Energy Regen: 0%
Energy Storage: 82%
Power Management Unit
Voltage: 18.83
Current: 89.74
Power Consumption: 516.34
Energy Regen: 58%
Energy Storage: 71%
Power Management Unit
Voltage: 16.45
Current: -27.16
Power Consumption: 919.07
Energy Regen: 25%
Energy Storage: 59%
Power Management Unit
Voltage: 15.04
Current: -35.67
Power Consumption: 432.37
Energy Regen: 58%
Energy Storage: 73%
Power Management Unit
Voltage: 11.80
Current: -88.68
Power Consumption: 725.33
Energy Regen: 51%
Energy Storage: 41%
Power Management Unit
Voltage: 14.86
Current: -20.51
Power Consumption: 237.30
Energy Regen: 89%
Energy Storage: 1337%
Power Management Unit
Voltage: 19.53
Current: 99.13
Power Consumption: 18.39
Energy Regen: 87%
Energy Storage: 39%
Power Management Unit
Voltage: 14.94
Current: 22.92
Power Consumption: 205.24
Energy Regen: 62%
Energy Storage: 36%
Power Management Unit
Voltage: 10.33
Current: 98.24
Power Consumption: 124.09
Energy Regen: 59%
Energy Storage: 30%
Power Management Unit
Voltage: 19.32
Current: -72.01
Power Consumption: 311.05
Energy Regen: 17%
Energy Storage: 94%
Power Management Unit
Voltage: 18.83
Current: 54.82
Power Consumption: 955.73
Energy Regen: 72%
Energy Storage: 89%
Power Management Unit
Voltage: 14.90
Current: -81.11
Power Consumption: 999.80
Energy Regen: 60%
Energy Storage: 26%
Power Management Unit
Voltage: 13.53
Current: 19.47
Power Consumption: 239.48
Energy Regen: 23%
Energy Storage: 94%
Power Management Unit
Voltage: 14.20
Current: 1337.00
Power Consumption: 431.02
Energy Regen: 82%
Energy Storage: 15%
Power Management Unit
Voltage: 12.13
Current: 74.98
Power Consumption: 330.75
Energy Regen: 67%
Energy Storage: 1337%
Power Management Unit
Voltage: 13.49
Current: 69.52
Power Consumption: 452.90
Energy Regen: 6%
Energy Storage: 2%
Power Management Unit
Voltage: 19.33
Current: 97.12
Power Consumption: 773.78
Energy Regen: 39%
Energy Storage: 73%
Power Management Unit
Voltage: 15.97
Current: -2.37
Power Consumption: 915.46
Energy Regen: 47%
Energy Storage: 61%
Power Management Unit
Voltage: 11.05
Current: 1337.00
Power Consumption: 963.29
Energy Regen: 95%
Energy Storage: 75%
Power Management Unit
Voltage: 16.02
Current: -77.24
Power Consumption: 247.24
Energy Regen: -1337%
Energy Storage: 32%
Tire Sensor
Pressure: 25.62
Temperature: 83.56
Wear Level: 60%
Performance Score: Not Calculated
Tire Sensor
Pressure: 23.18
Temperature: 104.92
Wear Level: 25%
Performance Score: Not Calculated
Tire Sensor
Pressure: 21.70
Temperature: 48.44
Wear Level: 77%
Performance Score: Not Calculated
Tire Sensor
Pressure: 25.74
Temperature: 115.16
Wear Level: 8%
Performance Score: Not Calculated
Tire Sensor
Pressure: 19.46
Temperature: 56.38
Wear Level: 41%
Performance Score: Not Calculated
Tire Sensor
Pressure: 22.31
Temperature: 117.91
Wear Level: 84%
Performance Score: Not Calculated
Tire Sensor
Pressure: -1337.00
Temperature: 73.19
Wear Level: 67%
Performance Score: Not Calculated
Tire Sensor
Pressure: -1337.00
Temperature: 53.97
Wear Level: 89%
Performance Score: Not Calculated
Tire Sensor
Pressure: 22.12
Temperature: 94.38
Wear Level: 55%
Performance Score: Not Calculated
Tire Sensor
Pressure: 25.04
Temperature: 1337.00
Wear Level: 59%
Performance Score: Not Calculated
Tire Sensor
Pressure: 25.74
Temperature: 58.99
Wear Level: 82%
Performance Score: Not Calculated
Tire Sensor
Pressure: 23.02
Temperature: 29.14
Wear Level: 13%
Performance Score: Not Calculated
Tire Sensor
Pressure: 23.73
Temperature: 99.59
Wear Level: 71%
Performance Score: Not Calculated
Tire Sensor
Pressure: -1337.00
Temperature: 31.23
Wear Level: 36%
Performance Score: Not Calculated
Tire Sensor
Pressure: -1337.00
Temperature: 100.45
Wear Level: 11%
Performance Score: Not Calculated
Tire Sensor
Pressure: 23.09
Temperature: 1.68
Wear Level: 85%
Performance Score: Not Calculated
Tire Sensor
Pressure: 24.17
Temperature: 23.27
Wear Level: 100%
Performance Score: Not Calculated
Tire Sensor
Pressure: 22.49
Temperature: 100.83
Wear Level: 73%
Performance Score: Not Calculated
Tire Sensor
Pressure: 19.66
Temperature: 1337.00
Wear Level: 99%
Performance Score: Not Calculated
Tire Sensor
Pressure: 24.23
Temperature: 90.59
Wear Level: 76%
Performance Score: Not Calculated
Tire Sensor
Pressure: 20.09
Temperature: 100.39
Wear Level: 82%
Performance Score: Not Calculated
Tire Sensor
Pressure: 19.90
Temperature: 61.06
Wear Level: 81%
Performance Score: Not Calculated
Tire Sensor
Pressure: 20.24
Temperature: 94.15
Wear Level: 82%
Performance Score: Not Calculated
Tire Sensor
Pressure: 23.42
Temperature: 81.30
Wear Level: 20%
Performance Score: Not Calculated
Tire Sensor
Pressure: 22.26
Temperature: 5.50
Wear Level: 95%
Performance Score: Not Calculated
Tire Sensor
Pressure: 25.46
Temperature: 1.63
Wear Level: 32%
Performance Score: Not Calculated
Tire Sensor
Pressure: 19.43
Temperature: 82.33
Wear Level: 75%
Performance Score: Not Calculated
Tire Sensor
Pressure: 24.96
Temperature: 78.24
Wear Level: 10%
Performance Score: Not Calculated
Tire Sensor
Pressure: 24.50
Temperature: 1337.00
Wear Level: 77%
Performance Score: Not Calculated
Tire Sensor
Pressure: 23.91
Temperature: 7.95
Wear Level: 22%
Performance Score: Not Calculated
Tire Sensor
Pressure: 21.86
Temperature: 17.32
Wear Level: 16%
Performance Score: Not Calculated
Tire Sensor
Pressure: 20.78
Temperature: 77.03
Wear Level: 51%
Performance Score: Not Calculated
Tire Sensor
Pressure: 25.42
Temperature: 94.57
Wear Level: 84%
Performance Score: Not Calculated
Tire Sensor
Pressure: 23.51
Temperature: 92.13
Wear Level: 1337%
Performance Score: Not Calculated
Tire Sensor
Pressure: -1337.00
Temperature: 2.73
Wear Level: 69%
Performance Score: Not Calculated
Tire Sensor
Pressure: 24.29
Temperature: 25.10
Wear Level: 9%
Performance Score: Not Calculated
Tire Sensor
Pressure: 23.11
Temperature: 25.17
Wear Level: 1337%
Performance Score: Not Calculated
Tire Sensor
Pressure: 25.98
Temperature: 43.69
Wear Level: 93%
Performance Score: Not Calculated
Tire Sensor
Pressure: 20.74
Temperature: 50.15
Wear Level: 34%
Performance Score: Not Calculated
Tire Sensor
Pressure: 23.83
Temperature: 21.89
Wear Level: 41%
Performance Score: Not Calculated
Tire Sensor
Pressure: 22.92
Temperature: 14.68
Wear Level: 62%
Performance Score: Not Calculated
Tire Sensor
Pressure: 19.48
Temperature: 56.27
Wear Level: 83%
Performance Score: Not Calculated
Tire Sensor
Pressure: 25.40
Temperature: 53.44
Wear Level: 1337%
Performance Score: Not Calculated
Tire Sensor
Pressure: 21.00
Temperature: 3.61
Wear Level: 4%
Performance Score: Not Calculated
Tire Sensor
Pressure: 21.77
Temperature: 89.74
Wear Level: 98%
Performance Score: Not Calculated
Tire Sensor
Pressure: 23.07
Temperature: 51.45
Wear Level: 86%
Performance Score: Not Calculated
Tire Sensor
Pressure: 25.97
Temperature: 63.76
Wear Level: 87%
Performance Score: Not Calculated
Tire Sensor
Pressure: 20.58
Temperature: 46.19
Wear Level: 60%
Performance Score: Not Calculated
Tire Sensor
Pressure: 19.80
Temperature: 43.67
Wear Level: 56%
Performance Score: Not Calculated
Tire Sensor
Pressure: 23.67
Temperature: 77.47
Wear Level: 39%
Performance Score: Not Calculated
Tire Sensor
Pressure: 21.00
Temperature: 111.69
Wear Level: 73%
Performance Score: Not Calculated
Tire Sensor
Pressure: 20.43
Temperature: 1337.00
Wear Level: 29%
Performance Score: Not Calculated
Tire Sensor
Pressure: 24.09
Temperature: 26.05
Wear Level: 1337%
Performance Score: Not Calculated
Tire Sensor
Pressure: 25.09
Temperature: 16.08
Wear Level: 1337%
Performance Score: Not Calculated
Tire Sensor
Pressure: 20.91
Temperature: 101.89
Wear Level: 32%
Performance Score: Not Calculated
Tire Sensor
Pressure: 25.93
Temperature: 71.36
Wear Level: 42%
Performance Score: Not Calculated
Tire Sensor
Pressure: 23.65
Temperature: 15.41
Wear Level: 58%
Performance Score: Not Calculated
Tire Sensor
Pressure: 24.78
Temperature: 40.37
Wear Level: 23%
Performance Score: Not Calculated
Tire Sensor
Pressure: 25.33
Temperature: 71.28
Wear Level: 27%
Performance Score: Not Calculated
Tire Sensor
Pressure: 25.86
Temperature: 115.16
Wear Level: 91%
Performance Score: Not Calculated
Tire Sensor
Pressure: 24.20
Temperature: 102.50
Wear Level: 99%
Performance Score: Not Calculated
Tire Sensor
Pressure: 20.41
Temperature: 15.66
Wear Level: 56%
Performance Score: Not Calculated
Tire Sensor
Pressure: 25.74
Temperature: 94.18
Wear Level: 99%
Performance Score: Not Calculated
Tire Sensor
Pressure: 19.69
Temperature: 55.39
Wear Level: 89%
Performance Score: Not Calculated
Tire Sensor
Pressure: 25.25
Temperature: 118.52
Wear Level: 17%
Performance Score: Not Calculated
Tire Sensor
Pressure: -1337.00
Temperature: 20.56
Wear Level: 13%
Performance Score: Not Calculated
Tire Sensor
Pressure: 19.57
Temperature: 20.56
Wear Level: 1337%
Performance Score: Not Calculated
Tire Sensor
Pressure: 20.98
Temperature: 1337.00
Wear Level: 18%
Performance Score: Not Calculated
Tire Sensor
Pressure: 25.65
Temperature: 43.19
Wear Level: 63%
Performance Score: Not Calculated
Tire Sensor
Pressure: 22.64
Temperature: 97.70
Wear Level: 7%
Performance Score: Not Calculated
Tire Sensor
Pressure: 22.64
Temperature: 73.96
Wear Level: 1337%
Performance Score: Not Calculated
Tire Sensor
Pressure: 19.15
Temperature: 104.95
Wear Level: 96%
Performance Score: Not Calculated
Tire Sensor
Pressure: 19.11
Temperature: 95.99
Wear Level: 37%
Performance Score: Not Calculated
Tire Sensor
Pressure: 25.02
Temperature: 52.88
Wear Level: 28%
Performance Score: Not Calculated
Tire Sensor
Pressure: 22.80
Temperature: 46.42
Wear Level: 31%
Performance Score: Not Calculated
Tire Sensor
Pressure: 21.91
Temperature: 76.18
Wear Level: 47%
Performance Score: Not Calculated
Tire Sensor
Pressure: 20.50
Temperature: 58.55
Wear Level: 86%
Performance Score: Not Calculated
Tire Sensor
Pressure: 25.37
Temperature: 106.66
Wear Level: 1337%
Performance Score: Not Calculated
Tire Sensor
Pressure: 21.49
Temperature: 1337.00
Wear Level: 86%
Performance Score: Not Calculated
Tire Sensor
Pressure: 22.69
Temperature: 6.76
Wear Level: 95%
Performance Score: Not Calculated
Tire Sensor
Pressure: 21.74
Temperature: 79.44
Wear Level: 25%
Performance Score: Not Calculated
Tire Sensor
Pressure: 24.80
Temperature: 0.11
Wear Level: 53%
Performance Score: Not Calculated
Tire Sensor
Pressure: 22.83
Temperature: 93.51
Wear Level: 66%
Performance Score: Not Calculated
Tire Sensor
Pressure: 21.72
Temperature: 93.02
Wear Level: 88%
Performance Score: Not Calculated
Tire Sensor
Pressure: 22.38
Temperature: 76.34
Wear Level: 1337%
Performance Score: Not Calculated
Tire Sensor
Pressure: 21.59
Temperature: 89.34
Wear Level: 44%
Performance Score: Not Calculated
Tire Sensor
Pressure: 22.72
Temperature: 25.88
Wear Level: 53%
Performance Score: Not Calculated
Tire Sensor
Pressure: 24.65
Temperature: 38.17
Wear Level: 19%
Performance Score: Not Calculated
Tire Sensor
Pressure: 23.17
Temperature: 0.70
Wear Level: 15%
Performance Score: Not Calculated
Tire Sensor
Pressure: 24.09
Temperature: 72.76
Wear Level: 21%
Performance Score: Not Calculated
Tire Sensor
Pressure: 20.22
Temperature: 7.29
Wear Level: 32%
Performance Score: Not Calculated
Tire Sensor
Pressure: 23.07
Temperature: 67.67
Wear Level: 2%
Performance Score: Not Calculated
Tire Sensor
Pressure: 23.72
Temperature: 46.97
Wear Level: 71%
Performance Score: Not Calculated
Tire Sensor
Pressure: 19.48
Temperature: 93.10
Wear Level: 62%
Performance Score: Not Calculated
Tire Sensor
Pressure: 23.54
Temperature: 72.49
Wear Level: 79%
Performance Score: Not Calculated
Tire Sensor
Pressure: 19.86
Temperature: 5.60
Wear Level: 100%
Performance Score: Not Calculated
Tire Sensor
Pressure: 20.10
Temperature: 25.94
Wear Level: 8%
Performance Score: Not Calculated
Tire Sensor
Pressure: -1337.00
Temperature: 24.25
Wear Level: 54%
Performance Score: Not Calculated
Tire Sensor
Pressure: 21.87
Temperature: 118.31
Wear Level: 92%
Performance Score: Not Calculated
Tire Sensor
Pressure: 20.75
Temperature: 17.69
Wear Level: 91%
Performance Score: Not Calculated
Tire Sensor
Pressure: 20.83
Temperature: 82.69
Wear Level: 40%
Performance Score: Not Calculated
Tire Sensor
Pressure: 19.75
Temperature: 82.33
Wear Level: 14%
Performance Score: Not Calculated
Tire Sensor
Pressure: 20.01
Temperature: 9.42
Wear Level: 2%
Performance Score: Not Calculated
Tire Sensor
Pressure: 19.97
Temperature: 42.53
Wear Level: 83%
Performance Score: Not Calculated
Tire Sensor
Pressure: 19.77
Temperature: 48.48
Wear Level: 47%
Performance Score: Not Calculated
Tire Sensor
Pressure: 24.91
Temperature: 31.87
Wear Level: 5%
Performance Score: Not Calculated
Tire Sensor
Pressure: 20.00
Temperature: 33.16
Wear Level: 11%
Performance Score: Not Calculated
Tire Sensor
Pressure: 24.88
Temperature: 81.75
Wear Level: 85%
Performance Score: Not Calculated
Tire Sensor
Pressure: 20.26
Temperature: 90.09
Wear Level: 81%
Performance Score: Not Calculated
Tire Sensor
Pressure: 22.91
Temperature: 3.50
Wear Level: 28%
Performance Score: Not Calculated
Tire Sensor
Pressure: 20.01
Temperature: 115.08
Wear Level: 79%
Performance Score: Not Calculated
Tire Sensor
Pressure: 24.80
Temperature: 38.71
Wear Level: 100%
Performance Score: Not Calculated
Tire Sensor
Pressure: 20.55
Temperature: 0.54
Wear Level: 26%
Performance Score: Not Calculated
Tire Sensor
Pressure: 25.64
Temperature: 77.79
Wear Level: 1%
Performance Score: Not Calculated
Tire Sensor
Pressure: -1337.00
Temperature: 60.90
Wear Level: 5%
Performance Score: Not Calculated
Tire Sensor
Pressure: 23.82
Temperature: 116.50
Wear Level: 77%
Performance Score: Not Calculated
Tire Sensor
Pressure: 24.60
Temperature: 98.95
Wear Level: 52%
Performance Score: Not Calculated
Tire Sensor
Pressure: 24.80
Temperature: 119.83
Wear Level: 28%
Performance Score: Not Calculated
Tire Sensor
Pressure: 22.06
Temperature: 38.70
Wear Level: 78%
Performance Score: Not Calculated
Tire Sensor
Pressure: 25.88
Temperature: 65.36
Wear Level: 96%
Performance Score: Not Calculated
Tire Sensor
Pressure: 19.27
Temperature: 38.38
Wear Level: 67%
Performance Score: Not Calculated
Tire Sensor
Pressure: 23.38
Temperature: 2.71
Wear Level: 27%
Performance Score: Not Calculated
Tire Sensor
Pressure: 23.27
Temperature: 22.17
Wear Level: 63%
Performance Score: Not Calculated
Tire Sensor
Pressure: 24.34
Temperature: 101.77
Wear Level: 1337%
Performance Score: Not Calculated
Tire Sensor
Pressure: 20.92
Temperature: 90.56
Wear Level: 5%
Performance Score: Not Calculated
Tire Sensor
Pressure: 24.01
Temperature: 50.82
Wear Level: 13%
Performance Score: Not Calculated
Tire Sensor
Pressure: 21.00
Temperature: 90.51
Wear Level: 97%
Performance Score: Not Calculated
Tire Sensor
Pressure: 24.94
Temperature: 74.39
Wear Level: 52%
Performance Score: Not Calculated
Tire Sensor
Pressure: 23.79
Temperature: 115.36
Wear Level: 56%
Performance Score: Not Calculated
Tire Sensor
Pressure: 25.96
Temperature: 113.56
Wear Level: 23%
Performance Score: Not Calculated
Tire Sensor
Pressure: 21.86
Temperature: 79.31
Wear Level: 43%
Performance Score: Not Calculated
Tire Sensor
Pressure: 23.62
Temperature: 14.63
Wear Level: 90%
Performance Score: Not Calculated
Tire Sensor
Pressure: 23.74
Temperature: 28.45
Wear Level: 72%
Performance Score: Not Calculated
Tire Sensor
Pressure: 21.65
Temperature: 22.39
Wear Level: 47%
Performance Score: Not Calculated
Tire Sensor
Pressure: 25.81
Temperature: 80.96
Wear Level: 29%
Performance Score: Not Calculated
Tire Sensor
Pressure: 19.68
Temperature: 61.90
Wear Level: 58%
Performance Score: Not Calculated
Tire Sensor
Pressure: 25.51
Temperature: 46.89
Wear Level: 76%
Performance Score: Not Calculated
Tire Sensor
Pressure: 21.24
Temperature: 46.81
Wear Level: 11%
Performance Score: Not Calculated
Tire Sensor
Pressure: 23.27
Temperature: 54.34
Wear Level: 62%
Performance Score: Not Calculated
Tire Sensor
Pressure: 24.06
Temperature: 102.47
Wear Level: 6%
Performance Score: Not Calculated
Tire Sensor
Pressure: 22.42
Temperature: 43.89
Wear Level: 30%
Performance Score: Not Calculated
Tire Sensor
Pressure: 25.28
Temperature: 85.14
Wear Level: 26%
Performance Score: Not Calculated
Tire Sensor
Pressure: 21.36
Temperature: 1337.00
Wear Level: 21%
Performance Score: Not Calculated
Tire Sensor
Pressure: 20.94
Temperature: 119.42
Wear Level: 9%
Performance Score: Not Calculated
Tire Sensor
Pressure: 20.36
Temperature: 52.25
Wear Level: 87%
Performance Score: Not Calculated
Tire Sensor
Pressure: 24.77
Temperature: 33.10
Wear Level: 77%
Performance Score: Not Calculated
Tire Sensor
Pressure: 22.64
Temperature: 67.62
Wear Level: 41%
Performance Score: Not Calculated
Tire Sensor
Pressure: 20.25
Temperature: 98.26
Wear Level: 75%
Performance Score: Not Calculated
Tire Sensor
Pressure: 22.85
Temperature: 86.13
Wear Level: 9%
Performance Score: Not Calculated
Tire Sensor
Pressure: 23.14
Temperature: 100.35
Wear Level: 58%
Performance Score: Not Calculated
Tire Sensor
Pressure: 23.78
Temperature: 62.41
Wear Level: 1337%
Performance Score: Not Calculated
Tire Sensor
Pressure: 19.24
Temperature: 78.52
Wear Level: 9%
Performance Score: Not Calculated
Tire Sensor
Pressure: 24.41
Temperature: 20.92
Wear Level: 0%
Performance Score: Not Calculated
Tire Sensor
Pressure: 21.24
Temperature: 61.40
Wear Level: 81%
Performance Score: Not Calculated
Tire Sensor
Pressure: 25.18
Temperature: 86.46
Wear Level: 1337%
Performance Score: Not Calculated
Tire Sensor
Pressure: 19.35
Temperature: 46.31
Wear Level: 94%
Performance Score: Not Calculated
Tire Sensor
Pressure: 22.73
Temperature: 73.33
Wear Level: 70%
Performance Score: Not Calculated
Tire Sensor
Pressure: 23.33
Temperature: 44.64
Wear Level: 91%
Performance Score: Not Calculated
Tire Sensor
Pressure: 21.45
Temperature: 95.75
Wear Level: 52%
Performance Score: Not Calculated
Tire Sensor
Pressure: 21.93
Temperature: 90.05
Wear Level: 5%
Performance Score: Not Calculated
Tire Sensor
Pressure: 24.79
Temperature: 61.75
Wear Level: 91%
Performance Score: Not Calculated
Tire Sensor
Pressure: 20.76
Temperature: 42.25
Wear Level: 63%
Performance Score: Not Calculated
Tire Sensor
Pressure: 19.20
Temperature: 80.36
Wear Level: 15%
Performance Score: Not Calculated
Tire Sensor
Pressure: 20.23
Temperature: 108.60
Wear Level: 50%
Performance Score: Not Calculated
Tire Sensor
Pressure: 24.95
Temperature: 55.43
Wear Level: 80%
Performance Score: Not Calculated
Tire Sensor
Pressure: 22.67
Temperature: 45.96
Wear Level: 1337%
Performance Score: Not Calculated
Tire Sensor
Pressure: 20.83
Temperature: 103.96
Wear Level: 82%
Performance Score: Not Calculated
Tire Sensor
Pressure: 20.27
Temperature: 0.64
Wear Level: 81%
Performance Score: Not Calculated
Tire Sensor
Pressure: 23.76
Temperature: 118.25
Wear Level: 47%
Performance Score: Not Calculated
Tire Sensor
Pressure: 22.47
Temperature: 16.91
Wear Level: 33%
Performance Score: Not Calculated
Tire Sensor
Pressure: 21.50
Temperature: 19.35
Wear Level: 49%
Performance Score: Not Calculated
Tire Sensor
Pressure: 21.96
Temperature: 90.08
Wear Level: 79%
Performance Score: Not Calculated
Tire Sensor
Pressure: 23.15
Temperature: 105.57
Wear Level: 77%
Performance Score: Not Calculated
Tire Sensor
Pressure: 19.89
Temperature: 67.01
Wear Level: 58%
Performance Score: Not Calculated
Tire Sensor
Pressure: -1337.00
Temperature: 54.33
Wear Level: 81%
Performance Score: Not Calculated
Tire Sensor
Pressure: -1337.00
Temperature: 50.90
Wear Level: 62%
Performance Score: Not Calculated
Tire Sensor
Pressure: 25.38
Temperature: 68.26
Wear Level: 23%
Performance Score: Not Calculated
Tire Sensor
Pressure: 23.36
Temperature: 87.44
Wear Level: 31%
Performance Score: Not Calculated
Tire Sensor
Pressure: 22.46
Temperature: 116.63
Wear Level: 54%
Performance Score: Not Calculated
Tire Sensor
Pressure: 23.59
Temperature: 94.03
Wear Level: 83%
Performance Score: Not Calculated
Tire Sensor
Pressure: 20.42
Temperature: 32.48
Wear Level: 59%
Performance Score: Not Calculated
Tire Sensor
Pressure: 25.41
Temperature: 30.16
Wear Level: 93%
Performance Score: Not Calculated
Tire Sensor
Pressure: 21.48
Temperature: 67.14
Wear Level: 38%
Performance Score: Not Calculated
Tire Sensor
Pressure: 24.83
Temperature: 54.17
Wear Level: 78%
Performance Score: Not Calculated
Tire Sensor
Pressure: 25.99
Temperature: 60.52
Wear Level: 57%
Performance Score: Not Calculated
Tire Sensor
Pressure: 25.77
Temperature: 63.70
Wear Level: 19%
Performance Score: Not Calculated
Tire Sensor
Pressure: 20.67
Temperature: 81.62
Wear Level: 57%
Performance Score: Not Calculated
Tire Sensor
Pressure: 23.20
Temperature: 25.18
Wear Level: 78%
Performance Score: Not Calculated
Tire Sensor
Pressure: 20.84
Temperature: 18.73
Wear Level: 46%
Performance Score: Not Calculated
Tire Sensor
Pressure: 21.09
Temperature: 13.41
Wear Level: 74%
Performance Score: Not Calculated
Tire Sensor
Pressure: 22.04
Temperature: 35.13
Wear Level: 47%
Performance Score: Not Calculated
Tire Sensor
Pressure: 19.04
Temperature: 51.41
Wear Level: 48%
Performance Score: Not Calculated
Tire Sensor
Pressure: 22.37
Temperature: 16.73
Wear Level: 27%
Performance Score: Not Calculated
Tire Sensor
Pressure: 22.85
Temperature: 32.93
Wear Level: 55%
Performance Score: Not Calculated
Tire Sensor
Pressure: 21.71
Temperature: 96.70
Wear Level: 77%
Performance Score: Not Calculated
Tire Sensor
Pressure: 19.65
Temperature: 101.57
Wear Level: 65%
Performance Score: Not Calculated
Tire Sensor
Pressure: 25.92
Temperature: 93.98
Wear Level: 57%
Performance Score: Not Calculated
Tire Sensor
Pressure: 23.18
Temperature: 69.78
Wear Level: 66%
Performance Score: Not Calculated
Tire Sensor
Pressure: 23.91
Temperature: 91.24
Wear Level: 40%
Performance Score: Not Calculated
Tire Sensor
Pressure: 19.74
Temperature: 100.36
Wear Level: 86%
Performance Score: Not Calculated
Tire Sensor
Pressure: 22.11
Temperature: 2.52
Wear Level: 5%
Performance Score: Not Calculated
Tire Sensor
Pressure: 21.14
Temperature: 118.04
Wear Level: 1337%
Performance Score: Not Calculated
Tire Sensor
Pressure: 23.80
Temperature: 19.26
Wear Level: 17%
Performance Score: Not Calculated
Tire Sensor
Pressure: 19.14
Temperature: 1337.00
Wear Level: 86%
Performance Score: Not Calculated
Tire Sensor
Pressure: 19.33
Temperature: 67.07
Wear Level: 98%
Performance Score: Not Calculated
Tire Sensor
Pressure: 25.56
Temperature: 1337.00
Wear Level: 88%
Performance Score: Not Calculated
Tire Sensor
Pressure: 19.36
Temperature: 112.92
Wear Level: 55%
Performance Score: Not Calculated
Tire Sensor
Pressure: 24.49
Temperature: 53.28
Wear Level: 1337%
Performance Score: Not Calculated
Tire Sensor
Pressure: 19.58
Temperature: 18.09
Wear Level: 43%
Performance Score: Not Calculated
Tire Sensor
Pressure: 22.85
Temperature: 91.15
Wear Level: 79%
Performance Score: Not Calculated
Tire Sensor
Pressure: 22.26
Temperature: 17.40
Wear Level: 1337%
Performance Score: Not Calculated
Tire Sensor
Pressure: 25.65
Temperature: 95.53
Wear Level: 4%
Performance Score: Not Calculated
Tire Sensor
Pressure: 23.63
Temperature: 15.96
Wear Level: 84%
Performance Score: Not Calculated
Tire Sensor
Pressure: 20.70
Temperature: 60.16
Wear Level: 2%
Performance Score: Not Calculated
Tire Sensor
Pressure: -1337.00
Temperature: 77.73
Wear Level: 12%
Performance Score: Not Calculated
Tire Sensor
Pressure: 19.18
Temperature: 113.54
Wear Level: 89%
Performance Score: Not Calculated
Tire Sensor
Pressure: 22.04
Temperature: 1337.00
Wear Level: 8%
Performance Score: Not Calculated
Tire Sensor
Pressure: 24.04
Temperature: 89.43
Wear Level: 12%
Performance Score: Not Calculated
Power Management Unit
Voltage: 11.77
Current: -58.27
Power Consumption: 178.29
Energy Regen: 0%
Energy Storage: 90%
Power Management Unit
Voltage: 12.22
Current: 41.17
Power Consumption: 999.53
Energy Regen: 23%
Energy Storage: 22%
Power Management Unit
Voltage: 13.06
Current: -78.77
Power Consumption: 536.44
Energy Regen: 97%
Energy Storage: 87%
Power Management Unit
Voltage: 14.96
Current: -12.07
Power Consumption: 1337.00
Energy Regen: 88%
Energy Storage: 14%
Power Management Unit
Voltage: 11.23
Current: -45.90
Power Consumption: 307.74
Energy Regen: 63%
Energy Storage: 73%
Power Management Unit
Voltage: 11.74
Current: -95.23
Power Consumption: 490.35
Energy Regen: 85%
Energy Storage: 39%
Power Management Unit
Voltage: 11.29
Current: 22.77
Power Consumption: 192.50
Energy Regen: 77%
Energy Storage: 58%
Power Management Unit
Voltage: 17.53
Current: 1337.00
Power Consumption: 342.74
Energy Regen: 60%
Energy Storage: 90%
Power Management Unit
Voltage: 19.93
Current: 0.34
Power Consumption: 301.83
Energy Regen: 74%
Energy Storage: 16%
Power Management Unit
Voltage: 15.78
Current: -18.64
Power Consumption: 804.69
Energy Regen: 61%
Energy Storage: 83%
Power Management Unit
Voltage: 14.62
Current: 19.48
Power Consumption: 476.19
Energy Regen: 5%
Energy Storage: 54%
Power Management Unit
Voltage: 12.13
Current: -3.07
Power Consumption: 876.45
Energy Regen: 3%
Energy Storage: 2%
Power Management Unit
Voltage: 19.58
Current: 41.37
Power Consumption: 579.21
Energy Regen: 67%
Energy Storage: 7%
Power Management Unit
Voltage: 14.70
Current: 61.27
Power Consumption: 90.77
Energy Regen: 89%
Energy Storage: 73%
Power Management Unit
Voltage: 14.83
Current: 18.11
Power Consumption: 791.39
Energy Regen: 45%
Energy Storage: 79%
Power Management Unit
Voltage: 14.11
Current: 12.88
Power Consumption: 482.32
Energy Regen: 25%
Energy Storage: 47%
Power Management Unit
Voltage: 18.01
Current: 71.05
Power Consumption: 407.01
Energy Regen: 95%
Energy Storage: 0%
Power Management Unit
Voltage: 15.86
Current: -75.95
Power Consumption: 735.40
Energy Regen: 98%
Energy Storage: 89%
Power Management Unit
Voltage: 17.06
Current: -57.27
Power Consumption: 140.43
Energy Regen: 57%
Energy Storage: 61%
Power Management Unit
Voltage: 11.09
Current: -82.69
Power Consumption: 372.08
Energy Regen: 82%
Energy Storage: 33%
Power Management Unit
Voltage: 19.36
Current: -51.91
Power Consumption: 534.50
Energy Regen: 71%
Energy Storage: 61%
Power Management Unit
Voltage: 17.22
Current: 33.33
Power Consumption: 654.10
Energy Regen: 18%
Energy Storage: 29%
Power Management Unit
Voltage: 15.70
Current: -97.45
Power Consumption: 306.51
Energy Regen: 98%
Energy Storage: 0%
Power Management Unit
Voltage: 11.14
Current: -41.93
Power Consumption: 779.65
Energy Regen: 82%
Energy Storage: 78%
Power Management Unit
Voltage: 14.80
Current: 52.30
Power Consumption: 168.30
Energy Regen: 27%
Energy Storage: 65%
Power Management Unit
Voltage: 15.86
Current: 37.94
Power Consumption: 854.26
Energy Regen: 47%
Energy Storage: 9%
Power Management Unit
Voltage: 18.47
Current: 64.69
Power Consumption: 649.25
Energy Regen: 13%
Energy Storage: 67%
Power Management Unit
Voltage: 15.98
Current: 78.59
Power Consumption: 981.27
Energy Regen: 2%
Energy Storage: 54%
Power Management Unit
Voltage: 15.77
Current: 88.58
Power Consumption: 404.47
Energy Regen: 11%
Energy Storage: 0%
Power Management Unit
Voltage: 15.47
Current: 57.51
Power Consumption: 737.13
Energy Regen: 66%
Energy Storage: 61%
Power Management Unit
Voltage: 15.99
Current: 53.83
Power Consumption: 112.44
Energy Regen: 19%
Energy Storage: 54%
Power Management Unit
Voltage: 16.56
Current: -98.02
Power Consumption: 962.38
Energy Regen: 98%
Energy Storage: 90%
Power Management Unit
Voltage: 17.86
Current: -63.39
Power Consumption: 201.93
Energy Regen: 0%
Energy Storage: 48%
Power Management Unit
Voltage: 12.30
Current: -28.29
Power Consumption: 73.51
Energy Regen: 72%
Energy Storage: 19%
Power Management Unit
Voltage: 18.42
Current: -33.03
Power Consumption: 674.45
Energy Regen: 87%
Energy Storage: 68%
Power Management Unit
Voltage: 14.38
Current: -53.01
Power Consumption: 156.13
Energy Regen: 48%
Energy Storage: 9%
Power Management Unit
Voltage: 16.43
Current: 42.04
Power Consumption: 283.75
Energy Regen: 32%
Energy Storage: 79%
Power Management Unit
Voltage: 12.64
Current: 11.27
Power Consumption: 491.35
Energy Regen: 77%
Energy Storage: 92%
Power Management Unit
Voltage: 10.01
Current: -48.35
Power Consumption: 836.59
Energy Regen: 75%
Energy Storage: 55%
Power Management Unit
Voltage: 16.44
Current: -57.84
Power Consumption: 314.98
Energy Regen: 90%
Energy Storage: 79%
Power Management Unit
Voltage: 14.68
Current: -10.37
Power Consumption: 208.91
Energy Regen: 51%
Energy Storage: 62%
Power Management Unit
Voltage: 17.34
Current: -78.18
Power Consumption: 845.86
Energy Regen: 52%
Energy Storage: 1%
Power Management Unit
Voltage: 12.31
Current: -71.50
Power Consumption: 240.36
Energy Regen: 16%
Energy Storage: 19%
Power Management Unit
Voltage: 16.46
Current: -98.40
Power Consumption: 989.53
Energy Regen: 73%
Energy Storage: 88%
Power Management Unit
Voltage: 16.94
Current: 41.39
Power Consumption: 808.14
Energy Regen: 5%
Energy Storage: 63%
Power Management Unit
Voltage: 14.14
Current: 49.30
Power Consumption: 373.69
Energy Regen: 90%
Energy Storage: 35%
Power Management Unit
Voltage: -1337.00
Current: -29.48
Power Consumption: 747.09
Energy Regen: 47%
Energy Storage: 33%
Power Management Unit
Voltage: 12.66
Current: 1337.00
Power Consumption: 329.50
Energy Regen: 44%
Energy Storage: 4%
Power Management Unit
Voltage: 14.15
Current: -95.41
Power Consumption: 548.45
Energy Regen: 98%
Energy Storage: 45%
Power Management Unit
Voltage: 14.36
Current: 97.60
Power Consumption: 164.22
Energy Regen: 98%
Energy Storage: 66%
Power Management Unit
Voltage: 10.84
Current: -90.87
Power Consumption: 817.41
Energy Regen: 30%
Energy Storage: 86%
Power Management Unit
Voltage: 13.08
Current: -21.45
Power Consumption: 368.34
Energy Regen: 42%
Energy Storage: 87%
Power Management Unit
Voltage: 15.39
Current: 8.62
Power Consumption: 460.98
Energy Regen: 64%
Energy Storage: 91%
Power Management Unit
Voltage: 11.84
Current: -37.36
Power Consumption: 605.59
Energy Regen: 33%
Energy Storage: 73%
Power Management Unit
Voltage: 19.79
Current: 51.37
Power Consumption: 239.88
Energy Regen: 77%
Energy Storage: 45%
Power Management Unit
Voltage: 11.73
Current: -28.43
Power Consumption: 82.75
Energy Regen: 80%
Energy Storage: 82%
Power Management Unit
Voltage: 19.17
Current: -7.69
Power Consumption: 196.84
Energy Regen: 61%
Energy Storage: 85%
Power Management Unit
Voltage: 15.09
Current: 26.84
Power Consumption: 733.67
Energy Regen: 14%
Energy Storage: 71%
Power Management Unit
Voltage: 18.64
Current: 90.12
Power Consumption: 504.13
Energy Regen: 8%
Energy Storage: 35%
Power Management Unit
Voltage: 19.05
Current: -1.55
Power Consumption: 901.58
Energy Regen: 93%
Energy Storage: 75%
Power Management Unit
Voltage: 12.40
Current: 84.43
Power Consumption: 286.99
Energy Regen: 97%
Energy Storage: 68%
Power Management Unit
Voltage: 12.74
Current: -41.92
Power Consumption: 350.77
Energy Regen: 59%
Energy Storage: 88%
Power Management Unit
Voltage: 12.18
Current: -5.17
Power Consumption: 843.10
Energy Regen: 11%
Energy Storage: 34%
Power Management Unit
Voltage: 12.87
Current: -18.05
Power Consumption: 171.64
Energy Regen: 84%
Energy Storage: 11%
Power Management Unit
Voltage: 18.20
Current: 9.90
Power Consumption: 520.08
Energy Regen: -1337%
Energy Storage: 76%
Power Management Unit
Voltage: 12.40
Current: -49.11
Power Consumption: 872.42
Energy Regen: 91%
Energy Storage: 56%
Power Management Unit
Voltage: 14.18
Current: -26.90
Power Consumption: 468.47
Energy Regen: 63%
Energy Storage: 90%
Power Management Unit
Voltage: 11.86
Current: -12.10
Power Consumption: 257.79
Energy Regen: 49%
Energy Storage: 15%
Power Management Unit
Voltage: 18.66
Current: 60.84
Power Consumption: 219.56
Energy Regen: 49%
Energy Storage: 15%
Power Management Unit
Voltage: 13.58
Current: 65.88
Power Consumption: 733.18
Energy Regen: 14%
Energy Storage: 42%
Power Management Unit
Voltage: 18.38
Current: 2.47
Power Consumption: 30.86
Energy Regen: 43%
Energy Storage: 85%
Power Management Unit
Voltage: 10.65
Current: -59.01
Power Consumption: 470.55
Energy Regen: 32%
Energy Storage: 83%
Power Management Unit
Voltage: 12.01
Current: -73.85
Power Consumption: 796.32
Energy Regen: 86%
Energy Storage: 10%
Power Management Unit
Voltage: 10.85
Current: 40.94
Power Consumption: 372.27
Energy Regen: 39%
Energy Storage: 41%
Power Management Unit
Voltage: 10.98
Current: -54.46
Power Consumption: 624.85
Energy Regen: 41%
Energy Storage: 1%
Power Management Unit
Voltage: 12.08
Current: 56.40
Power Consumption: 215.98
Energy Regen: 91%
Energy Storage: 53%
Power Management Unit
Voltage: 18.51
Current: 38.63
Power Consumption: 411.58
Energy Regen: 50%
Energy Storage: 40%
Power Management Unit
Voltage: 12.06
Current: -48.53
Power Consumption: 282.02
Energy Regen: 72%
Energy Storage: 60%
Power Management Unit
Voltage: 18.08
Current: 16.64
Power Consumption: 666.89
Energy Regen: 78%
Energy Storage: 44%
Power Management Unit
Voltage: 16.16
Current: 0.92
Power Consumption: 39.52
Energy Regen: 81%
Energy Storage: 80%
Power Management Unit
Voltage: 15.32
Current: 64.37
Power Consumption: 402.68
Energy Regen: 100%
Energy Storage: 45%
Power Management Unit
Voltage: 10.71
Current: -90.76
Power Consumption: 952.84
Energy Regen: 50%
Energy Storage: 95%
Power Management Unit
Voltage: 17.07
Current: 3.79
Power Consumption: 285.74
Energy Regen: 9%
Energy Storage: 49%
Power Management Unit
Voltage: 11.41
Current: -77.67
Power Consumption: 936.22
Energy Regen: 27%
Energy Storage: 95%
Power Management Unit
Voltage: 14.05
Current: 42.44
Power Consumption: 702.60
Energy Regen: 74%
Energy Storage: 9%
Power Management Unit
Voltage: 15.86
Current: -52.79
Power Consumption: 157.17
Energy Regen: 89%
Energy Storage: 7%
Power Management Unit
Voltage: 11.96
Current: 19.60
Power Consumption: 868.12
Energy Regen: 99%
Energy Storage: 8%
Power Management Unit
Voltage: 14.79
Current: 28.02
Power Consumption: 866.33
Energy Regen: 86%
Energy Storage: 79%
Power Management Unit
Voltage: 12.66
Current: 43.68
Power Consumption: 549.66
Energy Regen: 14%
Energy Storage: 82%
Power Management Unit
Voltage: 19.97
Current: -19.07
Power Consumption: 852.13
Energy Regen: 72%
Energy Storage: 77%
Power Management Unit
Voltage: 10.75
Current: 29.07
Power Consumption: 643.20
Energy Regen: 38%
Energy Storage: 9%
Power Management Unit
Voltage: 11.58
Current: -47.82
Power Consumption: 227.13
Energy Regen: 69%
Energy Storage: 76%
Power Management Unit
Voltage: 17.68
Current: -2.49
Power Consumption: 1337.00
Energy Regen: 41%
Energy Storage: 31%
Power Management Unit
Voltage: 16.31
Current: 88.01
Power Consumption: 440.97
Energy Regen: 92%
Energy Storage: 23%
Power Management Unit
Voltage: 14.65
Current: -93.90
Power Consumption: 57.38
Energy Regen: 98%
Energy Storage: 21%
Power Management Unit
Voltage: 13.20
Current: 70.35
Power Consumption: 723.49
Energy Regen: 21%
Energy Storage: 13%
Power Management Unit
Voltage: 12.72
Current: -69.75
Power Consumption: 44.85
Energy Regen: 97%
Energy Storage: 10%
Power Management Unit
Voltage: 17.87
Current: 45.53
Power Consumption: 473.64
Energy Regen: 81%
Energy Storage: 25%
Power Management Unit
Voltage: 12.39
Current: 54.71
Power Consumption: 660.54
Energy Regen: 29%
Energy Storage: 85%
Power Management Unit
Voltage: 11.68
Current: -58.84
Power Consumption: 267.03
Energy Regen: 12%
Energy Storage: 62%
Power Management Unit
Voltage: 10.31
Current: 33.44
Power Consumption: 322.90
Energy Regen: 45%
Energy Storage: 68%
Power Management Unit
Voltage: 19.21
Current: -42.18
Power Consumption: 614.77
Energy Regen: 91%
Energy Storage: 69%
Power Management Unit
Voltage: 18.02
Current: 49.90
Power Consumption: 654.75
Energy Regen: 98%
Energy Storage: 48%
Power Management Unit
Voltage: 15.18
Current: -42.59
Power Consumption: 493.36
Energy Regen: 39%
Energy Storage: 76%
Power Management Unit
Voltage: 17.53
Current: -7.53
Power Consumption: 468.58
Energy Regen: 59%
Energy Storage: 95%
Power Management Unit
Voltage: 17.53
Current: -7.77
Power Consumption: 81.05
Energy Regen: 12%
Energy Storage: 86%
Power Management Unit
Voltage: 14.02
Current: 77.68
Power Consumption: 127.15
Energy Regen: 87%
Energy Storage: 57%
Power Management Unit
Voltage: 18.56
Current: 92.51
Power Consumption: 637.26
Energy Regen: 32%
Energy Storage: 38%
Power Management Unit
Voltage: 16.98
Current: 91.59
Power Consumption: 681.44
Energy Regen: 11%
Energy Storage: 41%
Power Management Unit
Voltage: 13.10
Current: 42.75
Power Consumption: 367.22
Energy Regen: 54%
Energy Storage: 99%
Power Management Unit
Voltage: 10.19
Current: -82.24
Power Consumption: 495.95
Energy Regen: 32%
Energy Storage: 96%
Power Management Unit
Voltage: 15.24
Current: 46.46
Power Consumption: 110.76
Energy Regen: 59%
Energy Storage: 58%
Power Management Unit
Voltage: 11.16
Current: 1.64
Power Consumption: 116.70
Energy Regen: 87%
Energy Storage: 49%
Power Management Unit
Voltage: 15.46
Current: -11.69
Power Consumption: 370.77
Energy Regen: 97%
Energy Storage: 15%
Power Management Unit
Voltage: 15.12
Current: -38.51
Power Consumption: 228.81
Energy Regen: 58%
Energy Storage: 82%
Power Management Unit
Voltage: 14.04
Current: -5.03
Power Consumption: 949.36
Energy Regen: 93%
Energy Storage: 50%
Power Management Unit
Voltage: 19.65
Current: 21.99
Power Consumption: 81.74
Energy Regen: 30%
Energy Storage: 90%
Power Management Unit
Voltage: 17.12
Current: 25.75
Power Consumption: 836.68
Energy Regen: 20%
Energy Storage: 33%
Power Management Unit
Voltage: 18.82
Current: -73.37
Power Consumption: 581.77
Energy Regen: 5%
Energy Storage: 1337%
Power Management Unit
Voltage: 12.33
Current: -26.76
Power Consumption: 483.30
Energy Regen: 3%
Energy Storage: 6%
Power Management Unit
Voltage: 11.93
Current: -60.32
Power Consumption: 166.55
Energy Regen: 52%
Energy Storage: 72%
Power Management Unit
Voltage: 10.89
Current: 12.16
Power Consumption: 1337.00
Energy Regen: 18%
Energy Storage: 32%
Power Management Unit
Voltage: 18.72
Current: 19.98
Power Consumption: 215.37
Energy Regen: 40%
Energy Storage: 3%
Power Management Unit
Voltage: 18.06
Current: 0.58
Power Consumption: 380.20
Energy Regen: 10%
Energy Storage: 45%
Power Management Unit
Voltage: 16.68
Current: 82.96
Power Consumption: 235.56
Energy Regen: 57%
Energy Storage: 15%
Power Management Unit
Voltage: 10.03
Current: -80.21
Power Consumption: 261.82
Energy Regen: 0%
Energy Storage: 92%
Power Management Unit
Voltage: 15.80
Current: -27.01
Power Consumption: 703.41
Energy Regen: 88%
Energy Storage: 44%
Power Management Unit
Voltage: 18.50
Current: 7.11
Power Consumption: 565.82
Energy Regen: 89%
Energy Storage: 7%
Power Management Unit
Voltage: 10.66
Current: -78.00
Power Consumption: 592.64
Energy Regen: 32%
Energy Storage: 23%
Power Management Unit
Voltage: 14.07
Current: 40.09
Power Consumption: 446.15
Energy Regen: 16%
Energy Storage: 66%
Power Management Unit
Voltage: 12.26
Current: 56.62
Power Consumption: 934.53
Energy Regen: 32%
Energy Storage: 8%
Power Management Unit
Voltage: 16.66
Current: -29.34
Power Consumption: 435.44
Energy Regen: 57%
Energy Storage: 1%
Power Management Unit
Voltage: 18.24
Current: -35.30
Power Consumption: 817.28
Energy Regen: 69%
Energy Storage: 97%
Power Management Unit
Voltage: 14.67
Current: -41.66
Power Consumption: 826.99
Energy Regen: 93%
Energy Storage: 95%
Power Management Unit
Voltage: 15.07
Current: 25.49
Power Consumption: 316.03
Energy Regen: 90%
Energy Storage: 22%
Power Management Unit
Voltage: 13.49
Current: 27.14
Power Consumption: 194.28
Energy Regen: 75%
Energy Storage: 46%
Power Management Unit
Voltage: 10.65
Current: -22.59
Power Consumption: 699.04
Energy Regen: 68%
Energy Storage: 72%
Power Management Unit
Voltage: 13.54
Current: 73.67
Power Consumption: 747.76
Energy Regen: 94%
Energy Storage: 96%
Power Management Unit
Voltage: 13.46
Current: 42.46
Power Consumption: 904.70
Energy Regen: 81%
Energy Storage: 90%
Power Management Unit
Voltage: 14.84
Current: -65.88
Power Consumption: 458.19
Energy Regen: 86%
Energy Storage: 92%
Power Management Unit
Voltage: 19.41
Current: -4.82
Power Consumption: 897.13
Energy Regen: 44%
Energy Storage: 83%
Power Management Unit
Voltage: 11.05
Current: 41.43
Power Consumption: 138.60
Energy Regen: 25%
Energy Storage: 99%
Power Management Unit
Voltage: 17.10
Current: 57.24
Power Consumption: 888.42
Energy Regen: 92%
Energy Storage: 31%
Power Management Unit
Voltage: 13.27
Current: -95.38
Power Consumption: 711.23
Energy Regen: 17%
Energy Storage: 61%
Power Management Unit
Voltage: 15.35
Current: 58.09
Power Consumption: 463.72
Energy Regen: 54%
Energy Storage: 46%
Power Management Unit
Voltage: 16.10
Current: -16.74
Power Consumption: 41.37
Energy Regen: 89%
Energy Storage: 28%
Power Management Unit
Voltage: 17.59
Current: 36.89
Power Consumption: 179.49
Energy Regen: 63%
Energy Storage: 77%
Power Management Unit
Voltage: 19.29
Current: 54.47
Power Consumption: 488.67
Energy Regen: 94%
Energy Storage: 0%
Power Management Unit
Voltage: 16.77
Current: 94.47
Power Consumption: 976.94
Energy Regen: 100%
Energy Storage: 43%
Power Management Unit
Voltage: 14.04
Current: -2.95
Power Consumption: 582.16
Energy Regen: 0%
Energy Storage: 79%
Power Management Unit
Voltage: 19.82
Current: -76.29
Power Consumption: 283.58
Energy Regen: 49%
Energy Storage: 31%
Power Management Unit
Voltage: 14.37
Current: 77.10
Power Consumption: 251.07
Energy Regen: 81%
Energy Storage: 61%
Power Management Unit
Voltage: 15.72
Current: -99.93
Power Consumption: 803.96
Energy Regen: 87%
Energy Storage: 41%
Power Management Unit
Voltage: 17.34
Current: 42.64
Power Consumption: 673.40
Energy Regen: 0%
Energy Storage: 20%
Power Management Unit
Voltage: 16.92
Current: -62.67
Power Consumption: 463.09
Energy Regen: 30%
Energy Storage: 81%
Power Management Unit
Voltage: 14.01
Current: 1.35
Power Consumption: 231.62
Energy Regen: 93%
Energy Storage: 5%
Power Management Unit
Voltage: 12.74
Current: 7.76
Power Consumption: 603.72
Energy Regen: 74%
Energy Storage: 26%
Power Management Unit
Voltage: 12.88
Current: -12.96
Power Consumption: 137.56
Energy Regen: 53%
Energy Storage: 54%
Power Management Unit
Voltage: 14.49
Current: 38.39
Power Consumption: 444.72
Energy Regen: 77%
Energy Storage: 59%
Power Management Unit
Voltage: 16.48
Current: -16.55
Power Consumption: 943.18
Energy Regen: 45%
Energy Storage: 8%
Power Management Unit
Voltage: 17.74
Current: -10.59
Power Consumption: 623.71
Energy Regen: 26%
Energy Storage: 84%
Power Management Unit
Voltage: 10.74
Current: 1337.00
Power Consumption: 463.06
Energy Regen: 69%
Energy Storage: 3%
Power Management Unit
Voltage: 10.09
Current: -85.14
Power Consumption: 698.03
Energy Regen: 49%
Energy Storage: 86%
Power Management Unit
Voltage: -1337.00
Current: 3.17
Power Consumption: 727.64
Energy Regen: 62%
Energy Storage: 9%
Power Management Unit
Voltage: 10.34
Current: -55.95
Power Consumption: 509.17
Energy Regen: 89%
Energy Storage: 30%
Power Management Unit
Voltage: 14.84
Current: 22.91
Power Consumption: 907.48
Energy Regen: 47%
Energy Storage: 90%
Power Management Unit
Voltage: 16.02
Current: -39.80
Power Consumption: 160.48
Energy Regen: 61%
Energy Storage: 4%
Power Management Unit
Voltage: 17.72
Current: 91.86
Power Consumption: 987.48
Energy Regen: 47%
Energy Storage: 38%
Power Management Unit
Voltage: 11.82
Current: 7.03
Power Consumption: 901.85
Energy Regen: 33%
Energy Storage: 91%
Power Management Unit
Voltage: 19.21
Current: -67.75
Power Consumption: 590.51
Energy Regen: 32%
Energy Storage: 55%
Power Management Unit
Voltage: 12.69
Current: 79.12
Power Consumption: 761.02
Energy Regen: 95%
Energy Storage: 28%
Power Management Unit
Voltage: 18.58
Current: 61.09
Power Consumption: 749.49
Energy Regen: 33%
Energy Storage: 28%
Power Management Unit
Voltage: 17.16
Current: -18.41
Power Consumption: 275.69
Energy Regen: -1337%
Energy Storage: 78%
Power Management Unit
Voltage: 14.84
Current: -39.10
Power Consumption: 7.17
Energy Regen: 67%
Energy Storage: 86%
Power Management Unit
Voltage: 13.73
Current: 87.90
Power Consumption: 724.57
Energy Regen: 28%
Energy Storage: 42%
Power Management Unit
Voltage: 17.91
Current: 91.43
Power Consumption: 293.13
Energy Regen: 30%
Energy Storage: 20%
Power Management Unit
Voltage: 15.33
Current: 22.40
Power Consumption: 524.43
Energy Regen: 55%
Energy Storage: 77%
Power Management Unit
Voltage: 14.99
Current: 66.92
Power Consumption: 507.28
Energy Regen: 12%
Energy Storage: 23%
Power Management Unit
Voltage: 13.26
Current: 5.63
Power Consumption: 966.60
Energy Regen: 15%
Energy Storage: 76%
Power Management Unit
Voltage: 11.24
Current: -29.57
Power Consumption: 160.37
Energy Regen: 11%
Energy Storage: 75%
Power Management Unit
Voltage: 11.84
Current: 61.27
Power Consumption: 859.06
Energy Regen: 80%
Energy Storage: 50%
Power Management Unit
Voltage: 17.10
Current: 90.28
Power Consumption: 373.32
Energy Regen: 96%
Energy Storage: 22%
Power Management Unit
Voltage: 18.94
Current: -24.56
Power Consumption: 767.40
Energy Regen: 62%
Energy Storage: 50%
Power Management Unit
Voltage: 14.48
Current: -72.21
Power Consumption: 1337.00
Energy Regen: 87%
Energy Storage: 55%
Power Management Unit
Voltage: 10.09
Current: -83.77
Power Consumption: 69.65
Energy Regen: 68%
Energy Storage: 47%
Power Management Unit
Voltage: 14.52
Current: -33.32
Power Consumption: 959.58
Energy Regen: 76%
Energy Storage: 100%
Power Management Unit
Voltage: 10.23
Current: -68.49
Power Consumption: 608.33
Energy Regen: 57%
Energy Storage: 36%
Power Management Unit
Voltage: 11.89
Current: 45.15
Power Consumption: 161.76
Energy Regen: 10%
Energy Storage: 50%
Power Management Unit
Voltage: 14.14
Current: 67.15
Power Consumption: 556.96
Energy Regen: 95%
Energy Storage: 91%
Power Management Unit
Voltage: 19.38
Current: -85.21
Power Consumption: 119.09
Energy Regen: 67%
Energy Storage: 93%
Power Management Unit
Voltage: 18.06
Current: -11.43
Power Consumption: 58.40
Energy Regen: 4%
Energy Storage: 24%
Power Management Unit
Voltage: 13.11
Current: 42.69
Power Consumption: 440.34
Energy Regen: 59%
Energy Storage: 84%
Power Management Unit
Voltage: 11.74
Current: 90.16
Power Consumption: 328.22
Energy Regen: 72%
Energy Storage: 39%
Power Management Unit
Voltage: 13.58
Current: -72.92
Power Consumption: 544.15
Energy Regen: 0%
Energy Storage: 82%
Power Management Unit
Voltage: 18.83
Current: 89.74
Power Consumption: 516.34
Energy Regen: 58%
Energy Storage: 71%
Power Management Unit
Voltage: 16.45
Current: -27.16
Power Consumption: 919.07
Energy Regen: 25%
Energy Storage: 59%
Power Management Unit
Voltage: 15.04
Current: -35.67
Power Consumption: 432.37
Energy Regen: 58%
Energy Storage: 73%
Power Management Unit
Voltage: 11.80
Current: -88.68
Power Consumption: 725.33
Energy Regen: 51%
Energy Storage: 41%
Power Management Unit
Voltage: 19.53
Current: 99.13
Power Consumption: 18.39
Energy Regen: 87%
Energy Storage: 39%
Power Management Unit
Voltage: 14.94
Current: 22.92
Power Consumption: 205.24
Energy Regen: 62%
Energy Storage: 36%
Power Management Unit
Voltage: 10.33
Current: 98.24
Power Consumption: 124.09
Energy Regen: 59%
Energy Storage: 30%
Power Management Unit
Voltage: 19.32
Current: -72.01
Power Consumption: 311.05
Energy Regen: 17%
Energy Storage: 94%
Power Management Unit
Voltage: 18.83
Current: 54.82
Power Consumption: 955.73
Energy Regen: 72%
Energy Storage: 89%
Power Management Unit
Voltage: 14.90
Current: -81.11
Power Consumption: 999.80
Energy Regen: 60%
Energy Storage: 26%
Power Management Unit
Voltage: 13.53
Current: 19.47
Power Consumption: 239.48
Energy Regen: 23%
Energy Storage: 94%
Power Management Unit
Voltage: 12.13
Current: 74.98
Power Consumption: 330.75
Energy Regen: 67%
Energy Storage: 1337%
Power Management Unit
Voltage: 13.49
Current: 69.52
Power Consumption: 452.90
Energy Regen: 6%
Energy Storage: 2%
Power Management Unit
Voltage: 19.33
Current: 97.12
Power Consumption: 773.78
Energy Regen: 39%
Energy Storage: 73%
Power Management Unit
Voltage: 15.97
Current: -2.37
Power Consumption: 915.46
Energy Regen: 47%
Energy Storage: 61%
Power Management Unit
Voltage: 16.02
Current: -77.24
Power Consumption: 247.24
Energy Regen: -1337%
Energy Storage: 32%
Tire Sensor
Pressure: 25.62
Temperature: 83.56
Wear Level: 60%
Performance Score: Not Calculated
Tire Sensor
Pressure: 23.18
Temperature: 104.92
Wear Level: 25%
Performance Score: Not Calculated
Tire Sensor
Pressure: 21.70
Temperature: 48.44
Wear Level: 77%
Performance Score: Not Calculated
Tire Sensor
Pressure: 25.74
Temperature: 115.16
Wear Level: 8%
Performance Score: Not Calculated
Tire Sensor
Pressure: 19.46
Temperature: 56.38
Wear Level: 41%
Performance Score: Not Calculated
Tire Sensor
Pressure: 22.31
Temperature: 117.91
Wear Level: 84%
Performance Score: Not Calculated
Tire Sensor
Pressure: -1337.00
Temperature: 53.97
Wear Level: 89%
Performance Score: Not Calculated
Tire Sensor
Pressure: 22.12
Temperature: 94.38
Wear Level: 55%
Performance Score: Not Calculated
Tire Sensor
Pressure: 25.74
Temperature: 58.99
Wear Level: 82%
Performance Score: Not Calculated
Tire Sensor
Pressure: 23.02
Temperature: 29.14
Wear Level: 13%
Performance Score: Not Calculated
Tire Sensor
Pressure: 23.73
Temperature: 99.59
Wear Level: 71%
Performance Score: Not Calculated
Tire Sensor
Pressure: -1337.00
Temperature: 100.45
Wear Level: 11%
Performance Score: Not Calculated
Tire Sensor
Pressure: 23.09
Temperature: 1.68
Wear Level: 85%
Performance Score: Not Calculated
Tire Sensor
Pressure: 24.17
Temperature: 23.27
Wear Level: 100%
Performance Score: Not Calculated
Tire Sensor
Pressure: 22.49
Temperature: 100.83
Wear Level: 73%
Performance Score: Not Calculated
Tire Sensor
Pressure: 24.23
Temperature: 90.59
Wear Level: 76%
Performance Score: Not Calculated
Tire Sensor
Pressure: 20.09
Temperature: 100.39
Wear Level: 82%
Performance Score: Not Calculated
Tire Sensor
Pressure: 19.90
Temperature: 61.06
Wear Level: 81%
Performance Score: Not Calculated
Tire Sensor
Pressure: 20.24
Temperature: 94.15
Wear Level: 82%
Performance Score: Not Calculated
Tire Sensor
Pressure: 23.42
Temperature: 81.30
Wear Level: 20%
Performance Score: Not Calculated
Tire Sensor
Pressure: 22.26
Temperature: 5.50
Wear Level: 95%
Performance Score: Not Calculated
Tire Sensor
Pressure: 25.46
Temperature: 1.63
Wear Level: 32%
Performance Score: Not Calculated
Tire Sensor
Pressure: 19.43
Temperature: 82.33
Wear Level: 75%
Performance Score: Not Calculated
Tire Sensor
Pressure: 24.96
Temperature: 78.24
Wear Level: 10%
Performance Score: Not Calculated
Tire Sensor
Pressure: 23.91
Temperature: 7.95
Wear Level: 22%
Performance Score: Not Calculated
Tire Sensor
Pressure: 21.86
Temperature: 17.32
Wear Level: 16%
Performance Score: Not Calculated
Tire Sensor
Pressure: 20.78
Temperature: 77.03
Wear Level: 51%
Performance Score: Not Calculated
Tire Sensor
Pressure: 25.42
Temperature: 94.57
Wear Level: 84%
Performance Score: Not Calculated
Tire Sensor
Pressure: -1337.00
Temperature: 2.73
Wear Level: 69%
Performance Score: Not Calculated
Tire Sensor
Pressure: 24.29
Temperature: 25.10
Wear Level: 9%
Performance Score: Not Calculated
Tire Sensor
Pressure: 25.98
Temperature: 43.69
Wear Level: 93%
Performance Score: Not Calculated
Tire Sensor
Pressure: 20.74
Temperature: 50.15
Wear Level: 34%
Performance Score: Not Calculated
Tire Sensor
Pressure: 23.83
Temperature: 21.89
Wear Level: 41%
Performance Score: Not Calculated
Tire Sensor
Pressure: 22.92
Temperature: 14.68
Wear Level: 62%
Performance Score: Not Calculated
Tire Sensor
Pressure: 19.48
Temperature: 56.27
Wear Level: 83%
Performance Score: Not Calculated
Tire Sensor
Pressure: 21.00
Temperature: 3.61
Wear Level: 4%
Performance Score: Not Calculated
Tire Sensor
Pressure: 21.77
Temperature: 89.74
Wear Level: 98%
Performance Score: Not Calculated
Tire Sensor
Pressure: 23.07
Temperature: 51.45
Wear Level: 86%
Performance Score: Not Calculated
Tire Sensor
Pressure: 25.97
Temperature: 63.76
Wear Level: 87%
Performance Score: Not Calculated
Tire Sensor
Pressure: 20.58
Temperature: 46.19
Wear Level: 60%
Performance Score: Not Calculated
Tire Sensor
Pressure: 19.80
Temperature: 43.67
Wear Level: 56%
Performance Score: Not Calculated
Tire Sensor
Pressure: 23.67
Temperature: 77.47
Wear Level: 39%
Performance Score: Not Calculated
Tire Sensor
Pressure: 21.00
Temperature: 111.69
Wear Level: 73%
Performance Score: Not Calculated
Tire Sensor
Pressure: 24.09
Temperature: 26.05
Wear Level: 1337%
Performance Score: Not Calculated
Tire Sensor
Pressure: 20.91
Temperature: 101.89
Wear Level: 32%
Performance Score: Not Calculated
Tire Sensor
Pressure: 25.93
Temperature: 71.36
Wear Level: 42%
Performance Score: Not Calculated
Tire Sensor
Pressure: 23.65
Temperature: 15.41
Wear Level: 58%
Performance Score: Not Calculated
Tire Sensor
Pressure: 24.78
Temperature: 40.37
Wear Level: 23%
Performance Score: Not Calculated
Tire Sensor
Pressure: 25.33
Temperature: 71.28
Wear Level: 27%
Performance Score: Not Calculated
Tire Sensor
Pressure: 25.86
Temperature: 115.16
Wear Level: 91%
Performance Score: Not Calculated
Tire Sensor
Pressure: 24.20
Temperature: 102.50
Wear Level: 99%
Performance Score: Not Calculated
Tire Sensor
Pressure: 20.41
Temperature: 15.66
Wear Level: 56%
Performance Score: Not Calculated
Tire Sensor
Pressure: 25.74
Temperature: 94.18
Wear Level: 99%
Performance Score: Not Calculated
Tire Sensor
Pressure: 19.69
Temperature: 55.39
Wear Level: 89%
Performance Score: Not Calculated
Tire Sensor
Pressure: 25.25
Temperature: 118.52
Wear Level: 17%
Performance Score: Not Calculated
Tire Sensor
Pressure: 19.57
Temperature: 20.56
Wear Level: 1337%
Performance Score: Not Calculated
Tire Sensor
Pressure: 25.65
Temperature: 43.19
Wear Level: 63%
Performance Score: Not Calculated
Tire Sensor
Pressure: 22.64
Temperature: 97.70
Wear Level: 7%
Performance Score: Not Calculated
Tire Sensor
Pressure: 19.15
Temperature: 104.95
Wear Level: 96%
Performance Score: Not Calculated
Tire Sensor
Pressure: 19.11
Temperature: 95.99
Wear Level: 37%
Performance Score: Not Calculated
Tire Sensor
Pressure: 25.02
Temperature: 52.88
Wear Level: 28%
Performance Score: Not Calculated
Tire Sensor
Pressure: 22.80
Temperature: 46.42
Wear Level: 31%
Performance Score: Not Calculated
Tire Sensor
Pressure: 21.91
Temperature: 76.18
Wear Level: 47%
Performance Score: Not Calculated
Tire Sensor
Pressure: 20.50
Temperature: 58.55
Wear Level: 86%
Performance Score: Not Calculated
Tire Sensor
Pressure: 21.49
Temperature: 1337.00
Wear Level: 86%
Performance Score: Not Calculated
Tire Sensor
Pressure: 22.69
Temperature: 6.76
Wear Level: 95%
Performance Score: Not Calculated
Tire Sensor
Pressure: 21.74
Temperature: 79.44
Wear Level: 25%
Performance Score: Not Calculated
Tire Sensor
Pressure: 24.80
Temperature: 0.11
Wear Level: 53%
Performance Score: Not Calculated
Tire Sensor
Pressure: 22.83
Temperature: 93.51
Wear Level: 66%
Performance Score: Not Calculated
Tire Sensor
Pressure: 21.72
Temperature: 93.02
Wear Level: 88%
Performance Score: Not Calculated
Tire Sensor
Pressure: 21.59
Temperature: 89.34
Wear Level: 44%
Performance Score: Not Calculated
Tire Sensor
Pressure: 22.72
Temperature: 25.88
Wear Level: 53%
Performance Score: Not Calculated
Tire Sensor
Pressure: 24.65
Temperature: 38.17
Wear Level: 19%
Performance Score: Not Calculated
Tire Sensor
Pressure: 23.17
Temperature: 0.70
Wear Level: 15%
Performance Score: Not Calculated
Tire Sensor
Pressure: 24.09
Temperature: 72.76
Wear Level: 21%
Performance Score: Not Calculated
Tire Sensor
Pressure: 20.22
Temperature: 7.29
Wear Level: 32%
Performance Score: Not Calculated
Tire Sensor
Pressure: 23.07
Temperature: 67.67
Wear Level: 2%
Performance Score: Not Calculated
Tire Sensor
Pressure: 23.72
Temperature: 46.97
Wear Level: 71%
Performance Score: Not Calculated
Tire Sensor
Pressure: 19.48
Temperature: 93.10
Wear Level: 62%
Performance Score: Not Calculated
Tire Sensor
Pressure: 23.54
Temperature: 72.49
Wear Level: 79%
Performance Score: Not Calculated
Tire Sensor
Pressure: 19.86
Temperature: 5.60
Wear Level: 100%
Performance Score: Not Calculated
Tire Sensor
Pressure: 20.10
Temperature: 25.94
Wear Level: 8%
Performance Score: Not Calculated
Tire Sensor
Pressure: 21.87
Temperature: 118.31
Wear Level: 92%
Performance Score: Not Calculated
Tire Sensor
Pressure: 20.75
Temperature: 17.69
Wear Level: 91%
Performance Score: Not Calculated
Tire Sensor
Pressure: 20.83
Temperature: 82.69
Wear Level: 40%
Performance Score: Not Calculated
Tire Sensor
Pressure: 19.75
Temperature: 82.33
Wear Level: 14%
Performance Score: Not Calculated
Tire Sensor
Pressure: 20.01
Temperature: 9.42
Wear Level: 2%
Performance Score: Not Calculated
Tire Sensor
Pressure: 19.97
Temperature: 42.53
Wear Level: 83%
Performance Score: Not Calculated
Tire Sensor
Pressure: 19.77
Temperature: 48.48
Wear Level: 47%
Performance Score: Not Calculated
Tire Sensor
Pressure: 24.91
Temperature: 31.87
Wear Level: 5%
Performance Score: Not Calculated
Tire Sensor
Pressure: 20.00
Temperature: 33.16
Wear Level: 11%
Performance Score: Not Calculated
Tire Sensor
Pressure: 24.88
Temperature: 81.75
Wear Level: 85%
Performance Score: Not Calculated
Tire Sensor
Pressure: 20.26
Temperature: 90.09
Wear Level: 81%
Performance Score: Not Calculated
Tire Sensor
Pressure: 22.91
Temperature: 3.50
Wear Level: 28%
Performance Score: Not Calculated
Tire Sensor
Pressure: 20.01
Temperature: 115.08
Wear Level: 79%
Performance Score: Not Calculated
Tire Sensor
Pressure: 24.80
Temperature: 38.71
Wear Level: 100%
Performance Score: Not Calculated
Tire Sensor
Pressure: 20.55
Temperature: 0.54
Wear Level: 26%
Performance Score: Not Calculated
Tire Sensor
Pressure: 25.64
Temperature: 77.79
Wear Level: 1%
Performance Score: Not Calculated
Tire Sensor
Pressure: 23.82
Temperature: 116.50
Wear Level: 77%
Performance Score: Not Calculated
Tire Sensor
Pressure: 24.60
Temperature: 98.95
Wear Level: 52%
Performance Score: Not Calculated
Tire Sensor
Pressure: 24.80
Temperature: 119.83
Wear Level: 28%
Performance Score: Not Calculated
Tire Sensor
Pressure: 22.06
Temperature: 38.70
Wear Level: 78%
Performance Score: Not Calculated
Tire Sensor
Pressure: 25.88
Temperature: 65.36
Wear Level: 96%
Performance Score: Not Calculated
Tire Sensor
Pressure: 19.27
Temperature: 38.38
Wear Level: 67%
Performance Score: Not Calculated
Tire Sensor
Pressure: 23.38
Temperature: 2.71
Wear Level: 27%
Performance Score: Not Calculated
Tire Sensor
Pressure: 23.27
Temperature: 22.17
Wear Level: 63%
Performance Score: Not Calculated
Tire Sensor
Pressure: 20.92
Temperature: 90.56
Wear Level: 5%
Performance Score: Not Calculated
Tire Sensor
Pressure: 24.01
Temperature: 50.82
Wear Level: 13%
Performance Score: Not Calculated
Tire Sensor
Pressure: 21.00
Temperature: 90.51
Wear Level: 97%
Performance Score: Not Calculated
Tire Sensor
Pressure: 24.94
Temperature: 74.39
Wear Level: 52%
Performance Score: Not Calculated
Tire Sensor
Pressure: 23.79
Temperature: 115.36
Wear Level: 56%
Performance Score: Not Calculated
Tire Sensor
Pressure: 25.96
Temperature: 113.56
Wear Level: 23%
Performance Score: Not Calculated
Tire Sensor
Pressure: 21.86
Temperature: 79.31
Wear Level: 43%
Performance Score: Not Calculated
Tire Sensor
Pressure: 23.62
Temperature: 14.63
Wear Level: 90%
Performance Score: Not Calculated
Tire Sensor
Pressure: 23.74
Temperature: 28.45
Wear Level: 72%
Performance Score: Not Calculated
Tire Sensor
Pressure: 21.65
Temperature: 22.39
Wear Level: 47%
Performance Score: Not Calculated
Tire Sensor
Pressure: 25.81
Temperature: 80.96
Wear Level: 29%
Performance Score: Not Calculated
Tire Sensor
Pressure: 19.68
Temperature: 61.90
Wear Level: 58%
Performance Score: Not Calculated
Tire Sensor
Pressure: 25.51
Temperature: 46.89
Wear Level: 76%
Performance Score: Not Calculated
Tire Sensor
Pressure: 21.24
Temperature: 46.81
Wear Level: 11%
Performance Score: Not Calculated
Tire Sensor
Pressure: 23.27
Temperature: 54.34
Wear Level: 62%
Performance Score: Not Calculated
Tire Sensor
Pressure: 24.06
Temperature: 102.47
Wear Level: 6%
Performance Score: Not Calculated
Tire Sensor
Pressure: 22.42
Temperature: 43.89
Wear Level: 30%
Performance Score: Not Calculated
Tire Sensor
Pressure: 25.28
Temperature: 85.14
Wear Level: 26%
Performance Score: Not Calculated
Tire Sensor
Pressure: 20.94
Temperature: 119.42
Wear Level: 9%
Performance Score: Not Calculated
Tire Sensor
Pressure: 20.36
Temperature: 52.25
Wear Level: 87%
Performance Score: Not Calculated
Tire Sensor
Pressure: 24.77
Temperature: 33.10
Wear Level: 77%
Performance Score: Not Calculated
Tire Sensor
Pressure: 22.64
Temperature: 67.62
Wear Level: 41%
Performance Score: Not Calculated
Tire Sensor
Pressure: 20.25
Temperature: 98.26
Wear Level: 75%
Performance Score: Not Calculated
Tire Sensor
Pressure: 22.85
Temperature: 86.13
Wear Level: 9%
Performance Score: Not Calculated
Tire Sensor
Pressure: 23.14
Temperature: 100.35
Wear Level: 58%
Performance Score: Not Calculated
Tire Sensor
Pressure: 19.24
Temperature: 78.52
Wear Level: 9%
Performance Score: Not Calculated
Tire Sensor
Pressure: 24.41
Temperature: 20.92
Wear Level: 0%
Performance Score: Not Calculated
Tire Sensor
Pressure: 21.24
Temperature: 61.40
Wear Level: 81%
Performance Score: Not Calculated
Tire Sensor
Pressure: 19.35
Temperature: 46.31
Wear Level: 94%
Performance Score: Not Calculated
Tire Sensor
Pressure: 22.73
Temperature: 73.33
Wear Level: 70%
Performance Score: Not Calculated
Tire Sensor
Pressure: 23.33
Temperature: 44.64
Wear Level: 91%
Performance Score: Not Calculated
Tire Sensor
Pressure: 21.45
Temperature: 95.75
Wear Level: 52%
Performance Score: Not Calculated
Tire Sensor
Pressure: 21.93
Temperature: 90.05
Wear Level: 5%
Performance Score: Not Calculated
Tire Sensor
Pressure: 24.79
Temperature: 61.75
Wear Level: 91%
Performance Score: Not Calculated
Tire Sensor
Pressure: 20.76
Temperature: 42.25
Wear Level: 63%
Performance Score: Not Calculated
Tire Sensor
Pressure: 19.20
Temperature: 80.36
Wear Level: 15%
Performance Score: Not Calculated
Tire Sensor
Pressure: 20.23
Temperature: 108.60
Wear Level: 50%
Performance Score: Not Calculated
Tire Sensor
Pressure: 24.95
Temperature: 55.43
Wear Level: 80%
Performance Score: Not Calculated
Tire Sensor
Pressure: 20.83
Temperature: 103.96
Wear Level: 82%
Performance Score: Not Calculated
Tire Sensor
Pressure: 20.27
Temperature: 0.64
Wear Level: 81%
Performance Score: Not Calculated
Tire Sensor
Pressure: 23.76
Temperature: 118.25
Wear Level: 47%
Performance Score: Not Calculated
Tire Sensor
Pressure: 22.47
Temperature: 16.91
Wear Level: 33%
Performance Score: Not Calculated
Tire Sensor
Pressure: 21.50
Temperature: 19.35
Wear Level: 49%
Performance Score: Not Calculated
Tire Sensor
Pressure: 21.96
Temperature: 90.08
Wear Level: 79%
Performance Score: Not Calculated
Tire Sensor
Pressure: 23.15
Temperature: 105.57
Wear Level: 77%
Performance Score: Not Calculated
Tire Sensor
Pressure: 19.89
Temperature: 67.01
Wear Level: 58%
Performance Score: Not Calculated
Tire Sensor
Pressure: -1337.00
Temperature: 50.90
Wear Level: 62%
Performance Score: Not Calculated
Tire Sensor
Pressure: 25.38
Temperature: 68.26
Wear Level: 23%
Performance Score: Not Calculated
Tire Sensor
Pressure: 23.36
Temperature: 87.44
Wear Level: 31%
Performance Score: Not Calculated
Tire Sensor
Pressure: 22.46
Temperature: 116.63
Wear Level: 54%
Performance Score: Not Calculated
Tire Sensor
Pressure: 23.59
Temperature: 94.03
Wear Level: 83%
Performance Score: Not Calculated
Tire Sensor
Pressure: 20.42
Temperature: 32.48
Wear Level: 59%
Performance Score: Not Calculated
Tire Sensor
Pressure: 25.41
Temperature: 30.16
Wear Level: 93%
Performance Score: Not Calculated
Tire Sensor
Pressure: 21.48
Temperature: 67.14
Wear Level: 38%
Performance Score: Not Calculated
Tire Sensor
Pressure: 24.83
Temperature: 54.17
Wear Level: 78%
Performance Score: Not Calculated
Tire Sensor
Pressure: 25.99
Temperature: 60.52
Wear Level: 57%
Performance Score: Not Calculated
Tire Sensor
Pressure: 25.77
Temperature: 63.70
Wear Level: 19%
Performance Score: Not Calculated
Tire Sensor
Pressure: 20.67
Temperature: 81.62
Wear Level: 57%
Performance Score: Not Calculated
Tire Sensor
Pressure: 23.20
Temperature: 25.18
Wear Level: 78%
Performance Score: Not Calculated
Tire Sensor
Pressure: 20.84
Temperature: 18.73
Wear Level: 46%
Performance Score: Not Calculated
Tire Sensor
Pressure: 21.09
Temperature: 13.41
Wear Level: 74%
Performance Score: Not Calculated
